

Started GET "/" for ::1 at 2015-01-28 18:18:18 +0200

ActiveRecord::NoDatabaseError (FATAL:  database "sample_app_development" does not exist
):
  activerecord (4.2.0) lib/active_record/connection_adapters/postgresql_adapter.rb:661:in `rescue in connect'
  activerecord (4.2.0) lib/active_record/connection_adapters/postgresql_adapter.rb:651:in `connect'
  activerecord (4.2.0) lib/active_record/connection_adapters/postgresql_adapter.rb:242:in `initialize'
  activerecord (4.2.0) lib/active_record/connection_adapters/postgresql_adapter.rb:44:in `new'
  activerecord (4.2.0) lib/active_record/connection_adapters/postgresql_adapter.rb:44:in `postgresql_connection'
  activerecord (4.2.0) lib/active_record/connection_adapters/abstract/connection_pool.rb:436:in `new_connection'
  activerecord (4.2.0) lib/active_record/connection_adapters/abstract/connection_pool.rb:446:in `checkout_new_connection'
  activerecord (4.2.0) lib/active_record/connection_adapters/abstract/connection_pool.rb:422:in `acquire_connection'
  activerecord (4.2.0) lib/active_record/connection_adapters/abstract/connection_pool.rb:349:in `block in checkout'
  /Users/Admin/.rvm/rubies/ruby-2.2.0/lib/ruby/2.2.0/monitor.rb:211:in `mon_synchronize'
  activerecord (4.2.0) lib/active_record/connection_adapters/abstract/connection_pool.rb:348:in `checkout'
  activerecord (4.2.0) lib/active_record/connection_adapters/abstract/connection_pool.rb:263:in `block in connection'
  /Users/Admin/.rvm/rubies/ruby-2.2.0/lib/ruby/2.2.0/monitor.rb:211:in `mon_synchronize'
  activerecord (4.2.0) lib/active_record/connection_adapters/abstract/connection_pool.rb:262:in `connection'
  activerecord (4.2.0) lib/active_record/connection_adapters/abstract/connection_pool.rb:565:in `retrieve_connection'
  activerecord (4.2.0) lib/active_record/connection_handling.rb:113:in `retrieve_connection'
  activerecord (4.2.0) lib/active_record/connection_handling.rb:87:in `connection'
  activerecord (4.2.0) lib/active_record/migration.rb:384:in `connection'
  activerecord (4.2.0) lib/active_record/migration.rb:371:in `call'
  actionpack (4.2.0) lib/action_dispatch/middleware/callbacks.rb:29:in `block in call'
  activesupport (4.2.0) lib/active_support/callbacks.rb:88:in `call'
  activesupport (4.2.0) lib/active_support/callbacks.rb:88:in `_run_callbacks'
  activesupport (4.2.0) lib/active_support/callbacks.rb:734:in `_run_call_callbacks'
  activesupport (4.2.0) lib/active_support/callbacks.rb:81:in `run_callbacks'
  actionpack (4.2.0) lib/action_dispatch/middleware/callbacks.rb:27:in `call'
  actionpack (4.2.0) lib/action_dispatch/middleware/reloader.rb:73:in `call'
  actionpack (4.2.0) lib/action_dispatch/middleware/remote_ip.rb:78:in `call'
  web-console (2.0.0) lib/action_dispatch/debug_exceptions.rb:18:in `middleware_call'
  web-console (2.0.0) lib/action_dispatch/debug_exceptions.rb:13:in `call'
  actionpack (4.2.0) lib/action_dispatch/middleware/show_exceptions.rb:30:in `call'
  railties (4.2.0) lib/rails/rack/logger.rb:38:in `call_app'
  railties (4.2.0) lib/rails/rack/logger.rb:20:in `block in call'
  activesupport (4.2.0) lib/active_support/tagged_logging.rb:68:in `block in tagged'
  activesupport (4.2.0) lib/active_support/tagged_logging.rb:26:in `tagged'
  activesupport (4.2.0) lib/active_support/tagged_logging.rb:68:in `tagged'
  railties (4.2.0) lib/rails/rack/logger.rb:20:in `call'
  actionpack (4.2.0) lib/action_dispatch/middleware/request_id.rb:21:in `call'
  rack (1.6.0) lib/rack/methodoverride.rb:22:in `call'
  rack (1.6.0) lib/rack/runtime.rb:18:in `call'
  activesupport (4.2.0) lib/active_support/cache/strategy/local_cache_middleware.rb:28:in `call'
  rack (1.6.0) lib/rack/lock.rb:17:in `call'
  actionpack (4.2.0) lib/action_dispatch/middleware/static.rb:113:in `call'
  rack (1.6.0) lib/rack/sendfile.rb:113:in `call'
  railties (4.2.0) lib/rails/engine.rb:518:in `call'
  railties (4.2.0) lib/rails/application.rb:164:in `call'
  rack (1.6.0) lib/rack/lock.rb:17:in `call'
  rack (1.6.0) lib/rack/content_length.rb:15:in `call'
  rack (1.6.0) lib/rack/handler/webrick.rb:89:in `service'
  /Users/Admin/.rvm/rubies/ruby-2.2.0/lib/ruby/2.2.0/webrick/httpserver.rb:138:in `service'
  /Users/Admin/.rvm/rubies/ruby-2.2.0/lib/ruby/2.2.0/webrick/httpserver.rb:94:in `run'
  /Users/Admin/.rvm/rubies/ruby-2.2.0/lib/ruby/2.2.0/webrick/server.rb:294:in `block in start_thread'


  Rendered /Users/Admin/.rvm/gems/ruby-2.2.0@global/gems/web-console-2.0.0/lib/action_dispatch/templates/rescues/_source.erb (3.6ms)
  Rendered /Users/Admin/.rvm/gems/ruby-2.2.0@global/gems/web-console-2.0.0/lib/action_dispatch/templates/rescues/_trace.html.erb (1.9ms)
  Rendered /Users/Admin/.rvm/gems/ruby-2.2.0@global/gems/web-console-2.0.0/lib/action_dispatch/templates/rescues/_request_and_response.html.erb (1.0ms)
  Rendered /Users/Admin/.rvm/gems/ruby-2.2.0@global/gems/web-console-2.0.0/lib/action_dispatch/templates/rescues/_web_console.html.erb (1.3ms)
  Rendered /Users/Admin/.rvm/gems/ruby-2.2.0@global/gems/web-console-2.0.0/lib/action_dispatch/templates/rescues/diagnostics.html.erb within rescues/layout (100.7ms)


Started GET "/" for ::1 at 2015-01-28 18:24:52 +0200
Processing by Rails::WelcomeController#index as HTML
  Rendered /Users/Admin/.rvm/gems/ruby-2.2.0@global/gems/railties-4.2.0/lib/rails/templates/rails/welcome/index.html.erb (0.7ms)
Completed 200 OK in 17ms (Views: 6.6ms | ActiveRecord: 0.0ms)


Started GET "/" for ::1 at 2015-01-28 21:37:17 +0200
Processing by Rails::WelcomeController#index as HTML
  Rendered /Users/Admin/.rvm/gems/ruby-2.2.0@global/gems/railties-4.2.0/lib/rails/templates/rails/welcome/index.html.erb (2.1ms)
Completed 200 OK in 24ms (Views: 14.0ms | ActiveRecord: 0.0ms)


Started GET "/static_pages/home" for ::1 at 2015-01-28 23:48:37 +0200
Processing by StaticPagesController#home as HTML
  Rendered static_pages/home.html.erb within layouts/application (1.5ms)
Completed 200 OK in 1065ms (Views: 1054.6ms | ActiveRecord: 0.0ms)


Started GET "/assets/static_pages-64e62ddc273c2f5847f30d698ca14b67.css?body=1" for ::1 at 2015-01-28 23:48:38 +0200


Started GET "/assets/static_pages-fcec5b5a277ac7c20cc9f45a209a3bcd.js?body=1" for ::1 at 2015-01-28 23:48:38 +0200


Started GET "/assets/application-5266d2988799ecc8fe6e81eaab412e7d.css?body=1" for ::1 at 2015-01-28 23:48:38 +0200


Started GET "/assets/jquery-87424c3c19e96d4fb033c10ebe21ec40.js?body=1" for ::1 at 2015-01-28 23:48:38 +0200


Started GET "/assets/application-e93ffa4c2db8481b68b569045c04c777.js?body=1" for ::1 at 2015-01-28 23:48:38 +0200


Started GET "/assets/jquery_ujs-e27bd20a10d28155845a22d71ef94f2f.js?body=1" for ::1 at 2015-01-28 23:48:38 +0200


Started GET "/assets/turbolinks-686d2bf7d9d383528c901c64187a8c31.js?body=1" for ::1 at 2015-01-28 23:48:38 +0200


Started GET "/static_pages/home" for ::1 at 2015-01-29 00:35:10 +0200
Processing by StaticPagesController#home as HTML
  Rendered static_pages/home.html.erb within layouts/application (0.4ms)
Completed 200 OK in 47ms (Views: 46.3ms | ActiveRecord: 0.0ms)


Started GET "/assets/static_pages-64e62ddc273c2f5847f30d698ca14b67.css?body=1" for ::1 at 2015-01-29 00:35:10 +0200


Started GET "/assets/application-5266d2988799ecc8fe6e81eaab412e7d.css?body=1" for ::1 at 2015-01-29 00:35:10 +0200


Started GET "/assets/jquery-87424c3c19e96d4fb033c10ebe21ec40.js?body=1" for ::1 at 2015-01-29 00:35:10 +0200


Started GET "/assets/application-e93ffa4c2db8481b68b569045c04c777.js?body=1" for ::1 at 2015-01-29 00:35:10 +0200


Started GET "/assets/static_pages-fcec5b5a277ac7c20cc9f45a209a3bcd.js?body=1" for ::1 at 2015-01-29 00:35:10 +0200


Started GET "/assets/turbolinks-686d2bf7d9d383528c901c64187a8c31.js?body=1" for ::1 at 2015-01-29 00:35:10 +0200


Started GET "/assets/jquery_ujs-e27bd20a10d28155845a22d71ef94f2f.js?body=1" for ::1 at 2015-01-29 00:35:10 +0200


Started GET "/static_pages/home" for ::1 at 2015-01-30 15:05:45 +0200
Processing by StaticPagesController#home as HTML
  Rendered static_pages/home.html.erb within layouts/application (3.2ms)
Completed 200 OK in 2736ms (Views: 2727.1ms | ActiveRecord: 0.0ms)


Started GET "/assets/custom-7f19289d3e21368347b2b1aec7be0908.css?body=1" for ::1 at 2015-01-30 15:05:48 +0200


Started GET "/assets/application-856b067a0921d2e9be355dfdb779240e.css?body=1" for ::1 at 2015-01-30 15:05:48 +0200


Started GET "/assets/static_pages-64e62ddc273c2f5847f30d698ca14b67.css?body=1" for ::1 at 2015-01-30 15:05:48 +0200


Started GET "/assets/jquery-87424c3c19e96d4fb033c10ebe21ec40.js?body=1" for ::1 at 2015-01-30 15:05:48 +0200


Started GET "/assets/jquery_ujs-e27bd20a10d28155845a22d71ef94f2f.js?body=1" for ::1 at 2015-01-30 15:05:49 +0200


Started GET "/assets/turbolinks-686d2bf7d9d383528c901c64187a8c31.js?body=1" for ::1 at 2015-01-30 15:05:49 +0200


Started GET "/assets/static_pages-fcec5b5a277ac7c20cc9f45a209a3bcd.js?body=1" for ::1 at 2015-01-30 15:05:49 +0200


Started GET "/assets/application-e93ffa4c2db8481b68b569045c04c777.js?body=1" for ::1 at 2015-01-30 15:05:49 +0200


Started GET "/assets/rails-be2e3e66a18126c4042f84cd4aae4cb3.png" for ::1 at 2015-01-30 15:05:49 +0200


Started GET "/static_pages/home" for ::1 at 2015-01-30 15:07:52 +0200
Processing by StaticPagesController#home as HTML
  Rendered static_pages/home.html.erb within layouts/application (0.3ms)
Completed 200 OK in 1721ms (Views: 1720.4ms | ActiveRecord: 0.0ms)


Started GET "/assets/custom-09475d4578d786cf418e94f5037c49eb.css?body=1" for ::1 at 2015-01-30 15:07:54 +0200


Started GET "/assets/static_pages-64e62ddc273c2f5847f30d698ca14b67.css?body=1" for ::1 at 2015-01-30 15:07:54 +0200


Started GET "/assets/application-1722a72f85339b972dfb8626cd4f28cd.css?body=1" for ::1 at 2015-01-30 15:07:54 +0200


Started GET "/assets/jquery-87424c3c19e96d4fb033c10ebe21ec40.js?body=1" for ::1 at 2015-01-30 15:07:54 +0200


Started GET "/assets/jquery_ujs-e27bd20a10d28155845a22d71ef94f2f.js?body=1" for ::1 at 2015-01-30 15:07:54 +0200


Started GET "/assets/turbolinks-686d2bf7d9d383528c901c64187a8c31.js?body=1" for ::1 at 2015-01-30 15:07:54 +0200


Started GET "/assets/static_pages-fcec5b5a277ac7c20cc9f45a209a3bcd.js?body=1" for ::1 at 2015-01-30 15:07:54 +0200


Started GET "/assets/application-e93ffa4c2db8481b68b569045c04c777.js?body=1" for ::1 at 2015-01-30 15:07:54 +0200


Started GET "/assets/rails-be2e3e66a18126c4042f84cd4aae4cb3.png" for ::1 at 2015-01-30 15:07:54 +0200


Started GET "/static_pages/home" for ::1 at 2015-01-30 15:09:23 +0200
Processing by StaticPagesController#home as HTML
  Rendered static_pages/home.html.erb within layouts/application (0.6ms)
Completed 200 OK in 1776ms (Views: 1774.7ms | ActiveRecord: 0.0ms)


Started GET "/assets/custom-8ce6a3db16e694b95e4ca0ffdb9a0159.css?body=1" for ::1 at 2015-01-30 15:09:24 +0200


Started GET "/assets/static_pages-64e62ddc273c2f5847f30d698ca14b67.css?body=1" for ::1 at 2015-01-30 15:09:24 +0200


Started GET "/assets/application-e7705cf8d2c295b8dacefc94cb5a702f.css?body=1" for ::1 at 2015-01-30 15:09:24 +0200


Started GET "/assets/jquery-87424c3c19e96d4fb033c10ebe21ec40.js?body=1" for ::1 at 2015-01-30 15:09:24 +0200


Started GET "/assets/jquery_ujs-e27bd20a10d28155845a22d71ef94f2f.js?body=1" for ::1 at 2015-01-30 15:09:24 +0200


Started GET "/assets/turbolinks-686d2bf7d9d383528c901c64187a8c31.js?body=1" for ::1 at 2015-01-30 15:09:24 +0200


Started GET "/assets/static_pages-fcec5b5a277ac7c20cc9f45a209a3bcd.js?body=1" for ::1 at 2015-01-30 15:09:24 +0200


Started GET "/assets/application-e93ffa4c2db8481b68b569045c04c777.js?body=1" for ::1 at 2015-01-30 15:09:24 +0200


Started GET "/assets/rails-be2e3e66a18126c4042f84cd4aae4cb3.png" for ::1 at 2015-01-30 15:09:24 +0200


Started GET "/static_pages/home" for ::1 at 2015-01-30 15:10:16 +0200
Processing by StaticPagesController#home as HTML
  Rendered static_pages/home.html.erb within layouts/application (0.2ms)
Completed 200 OK in 1729ms (Views: 1728.8ms | ActiveRecord: 0.0ms)


Started GET "/assets/custom-31897f49d126f829b24738a6a8eeab6c.css?body=1" for ::1 at 2015-01-30 15:10:18 +0200


Started GET "/assets/application-b51b4fe9157d7319e4a5ade4ba10ae32.css?body=1" for ::1 at 2015-01-30 15:10:18 +0200


Started GET "/assets/static_pages-64e62ddc273c2f5847f30d698ca14b67.css?body=1" for ::1 at 2015-01-30 15:10:18 +0200


Started GET "/assets/jquery-87424c3c19e96d4fb033c10ebe21ec40.js?body=1" for ::1 at 2015-01-30 15:10:18 +0200


Started GET "/assets/jquery_ujs-e27bd20a10d28155845a22d71ef94f2f.js?body=1" for ::1 at 2015-01-30 15:10:18 +0200


Started GET "/assets/turbolinks-686d2bf7d9d383528c901c64187a8c31.js?body=1" for ::1 at 2015-01-30 15:10:18 +0200


Started GET "/assets/static_pages-fcec5b5a277ac7c20cc9f45a209a3bcd.js?body=1" for ::1 at 2015-01-30 15:10:18 +0200


Started GET "/assets/application-e93ffa4c2db8481b68b569045c04c777.js?body=1" for ::1 at 2015-01-30 15:10:18 +0200


Started GET "/assets/rails-be2e3e66a18126c4042f84cd4aae4cb3.png" for ::1 at 2015-01-30 15:10:18 +0200


Started GET "/static_pages/home" for ::1 at 2015-01-30 15:10:43 +0200
Processing by StaticPagesController#home as HTML
  Rendered static_pages/home.html.erb within layouts/application (0.5ms)
Completed 200 OK in 67ms (Views: 66.0ms | ActiveRecord: 0.0ms)


Started GET "/assets/custom-31897f49d126f829b24738a6a8eeab6c.css?body=1" for ::1 at 2015-01-30 15:10:43 +0200


Started GET "/assets/static_pages-64e62ddc273c2f5847f30d698ca14b67.css?body=1" for ::1 at 2015-01-30 15:10:43 +0200


Started GET "/assets/jquery_ujs-e27bd20a10d28155845a22d71ef94f2f.js?body=1" for ::1 at 2015-01-30 15:10:43 +0200


Started GET "/assets/jquery-87424c3c19e96d4fb033c10ebe21ec40.js?body=1" for ::1 at 2015-01-30 15:10:43 +0200


Started GET "/assets/turbolinks-686d2bf7d9d383528c901c64187a8c31.js?body=1" for ::1 at 2015-01-30 15:10:43 +0200


Started GET "/assets/application-b51b4fe9157d7319e4a5ade4ba10ae32.css?body=1" for ::1 at 2015-01-30 15:10:43 +0200


Started GET "/assets/static_pages-fcec5b5a277ac7c20cc9f45a209a3bcd.js?body=1" for ::1 at 2015-01-30 15:10:43 +0200


Started GET "/assets/application-e93ffa4c2db8481b68b569045c04c777.js?body=1" for ::1 at 2015-01-30 15:10:43 +0200


Started GET "/assets/rails-be2e3e66a18126c4042f84cd4aae4cb3.png" for ::1 at 2015-01-30 15:10:43 +0200


Started GET "/static_pages/home" for ::1 at 2015-01-30 15:12:31 +0200
Processing by StaticPagesController#home as HTML
  Rendered static_pages/home.html.erb within layouts/application (0.7ms)
Completed 200 OK in 1724ms (Views: 1723.1ms | ActiveRecord: 0.0ms)


Started GET "/assets/custom-70895d9948050efbdc915af2e26ad4ad.css?body=1" for ::1 at 2015-01-30 15:12:33 +0200


Started GET "/assets/static_pages-64e62ddc273c2f5847f30d698ca14b67.css?body=1" for ::1 at 2015-01-30 15:12:33 +0200


Started GET "/assets/application-f4b1a372a202ac7e957fe1804c19b8cf.css?body=1" for ::1 at 2015-01-30 15:12:33 +0200


Started GET "/assets/jquery-87424c3c19e96d4fb033c10ebe21ec40.js?body=1" for ::1 at 2015-01-30 15:12:33 +0200


Started GET "/assets/jquery_ujs-e27bd20a10d28155845a22d71ef94f2f.js?body=1" for ::1 at 2015-01-30 15:12:33 +0200


Started GET "/assets/turbolinks-686d2bf7d9d383528c901c64187a8c31.js?body=1" for ::1 at 2015-01-30 15:12:33 +0200


Started GET "/assets/static_pages-fcec5b5a277ac7c20cc9f45a209a3bcd.js?body=1" for ::1 at 2015-01-30 15:12:33 +0200


Started GET "/assets/application-e93ffa4c2db8481b68b569045c04c777.js?body=1" for ::1 at 2015-01-30 15:12:33 +0200


Started GET "/assets/rails-be2e3e66a18126c4042f84cd4aae4cb3.png" for ::1 at 2015-01-30 15:12:33 +0200


Started GET "/static_pages/home" for ::1 at 2015-01-30 15:18:11 +0200
Processing by StaticPagesController#home as HTML
  Rendered static_pages/home.html.erb within layouts/application (0.3ms)
Completed 200 OK in 1816ms (Views: 1815.6ms | ActiveRecord: 0.0ms)


Started GET "/assets/custom-d1f8c84c33fac3f436f3548509079731.css?body=1" for ::1 at 2015-01-30 15:18:12 +0200


Started GET "/assets/static_pages-64e62ddc273c2f5847f30d698ca14b67.css?body=1" for ::1 at 2015-01-30 15:18:12 +0200


Started GET "/assets/application-2614d56b585e74ea2fa6ac516cb332e5.css?body=1" for ::1 at 2015-01-30 15:18:12 +0200


Started GET "/assets/jquery-87424c3c19e96d4fb033c10ebe21ec40.js?body=1" for ::1 at 2015-01-30 15:18:12 +0200


Started GET "/assets/jquery_ujs-e27bd20a10d28155845a22d71ef94f2f.js?body=1" for ::1 at 2015-01-30 15:18:12 +0200


Started GET "/assets/turbolinks-686d2bf7d9d383528c901c64187a8c31.js?body=1" for ::1 at 2015-01-30 15:18:12 +0200


Started GET "/assets/static_pages-fcec5b5a277ac7c20cc9f45a209a3bcd.js?body=1" for ::1 at 2015-01-30 15:18:12 +0200


Started GET "/assets/application-e93ffa4c2db8481b68b569045c04c777.js?body=1" for ::1 at 2015-01-30 15:18:12 +0200


Started GET "/assets/rails-be2e3e66a18126c4042f84cd4aae4cb3.png" for ::1 at 2015-01-30 15:18:12 +0200


Started GET "/static_pages/home" for ::1 at 2015-01-30 15:18:35 +0200
Processing by StaticPagesController#home as HTML
  Rendered static_pages/home.html.erb within layouts/application (0.3ms)
Completed 200 OK in 1700ms (Views: 1699.8ms | ActiveRecord: 0.0ms)


Started GET "/assets/custom-11562d052c290f6880b47ef1113a68c7.css?body=1" for ::1 at 2015-01-30 15:18:36 +0200


Started GET "/assets/application-0981a827e8f1ea84e6bf9f644c0cf9c1.css?body=1" for ::1 at 2015-01-30 15:18:36 +0200


Started GET "/assets/turbolinks-686d2bf7d9d383528c901c64187a8c31.js?body=1" for ::1 at 2015-01-30 15:18:36 +0200


Started GET "/assets/static_pages-64e62ddc273c2f5847f30d698ca14b67.css?body=1" for ::1 at 2015-01-30 15:18:36 +0200


Started GET "/assets/jquery-87424c3c19e96d4fb033c10ebe21ec40.js?body=1" for ::1 at 2015-01-30 15:18:36 +0200


Started GET "/assets/jquery_ujs-e27bd20a10d28155845a22d71ef94f2f.js?body=1" for ::1 at 2015-01-30 15:18:36 +0200


Started GET "/assets/static_pages-fcec5b5a277ac7c20cc9f45a209a3bcd.js?body=1" for ::1 at 2015-01-30 15:18:36 +0200


Started GET "/assets/application-e93ffa4c2db8481b68b569045c04c777.js?body=1" for ::1 at 2015-01-30 15:18:36 +0200


Started GET "/assets/rails-be2e3e66a18126c4042f84cd4aae4cb3.png" for ::1 at 2015-01-30 15:18:36 +0200


Started GET "/static_pages/home" for ::1 at 2015-01-30 15:52:02 +0200
Processing by StaticPagesController#home as HTML
  Rendered static_pages/home.html.erb within layouts/application (0.3ms)
Completed 200 OK in 65ms (Views: 64.7ms | ActiveRecord: 0.0ms)


Started GET "/assets/custom-11562d052c290f6880b47ef1113a68c7.css?body=1" for ::1 at 2015-01-30 15:52:02 +0200


Started GET "/assets/static_pages-64e62ddc273c2f5847f30d698ca14b67.css?body=1" for ::1 at 2015-01-30 15:52:02 +0200


Started GET "/assets/jquery_ujs-e27bd20a10d28155845a22d71ef94f2f.js?body=1" for ::1 at 2015-01-30 15:52:02 +0200


Started GET "/assets/static_pages-fcec5b5a277ac7c20cc9f45a209a3bcd.js?body=1" for ::1 at 2015-01-30 15:52:02 +0200


Started GET "/assets/jquery-87424c3c19e96d4fb033c10ebe21ec40.js?body=1" for ::1 at 2015-01-30 15:52:02 +0200


Started GET "/assets/application-0981a827e8f1ea84e6bf9f644c0cf9c1.css?body=1" for ::1 at 2015-01-30 15:52:02 +0200


Started GET "/assets/turbolinks-686d2bf7d9d383528c901c64187a8c31.js?body=1" for ::1 at 2015-01-30 15:52:02 +0200


Started GET "/assets/application-e93ffa4c2db8481b68b569045c04c777.js?body=1" for ::1 at 2015-01-30 15:52:02 +0200


Started GET "/assets/rails-be2e3e66a18126c4042f84cd4aae4cb3.png" for ::1 at 2015-01-30 15:52:02 +0200


Started GET "/static_pages/home" for ::1 at 2015-01-30 15:52:56 +0200
Processing by StaticPagesController#home as HTML
  Rendered static_pages/home.html.erb within layouts/application (0.3ms)
Completed 200 OK in 1917ms (Views: 1916.5ms | ActiveRecord: 0.0ms)


Started GET "/assets/custom-ab4502e29ff0669f8c63514fb1e002f8.css?body=1" for ::1 at 2015-01-30 15:52:58 +0200


Started GET "/assets/static_pages-64e62ddc273c2f5847f30d698ca14b67.css?body=1" for ::1 at 2015-01-30 15:52:58 +0200


Started GET "/assets/application-04a7fd3b579b815d82b8b7816434e12a.css?body=1" for ::1 at 2015-01-30 15:52:58 +0200


Started GET "/assets/turbolinks-686d2bf7d9d383528c901c64187a8c31.js?body=1" for ::1 at 2015-01-30 15:52:58 +0200


Started GET "/assets/jquery-87424c3c19e96d4fb033c10ebe21ec40.js?body=1" for ::1 at 2015-01-30 15:52:58 +0200


Started GET "/assets/jquery_ujs-e27bd20a10d28155845a22d71ef94f2f.js?body=1" for ::1 at 2015-01-30 15:52:58 +0200


Started GET "/assets/static_pages-fcec5b5a277ac7c20cc9f45a209a3bcd.js?body=1" for ::1 at 2015-01-30 15:52:58 +0200


Started GET "/assets/application-e93ffa4c2db8481b68b569045c04c777.js?body=1" for ::1 at 2015-01-30 15:52:58 +0200


Started GET "/assets/rails-be2e3e66a18126c4042f84cd4aae4cb3.png" for ::1 at 2015-01-30 15:52:58 +0200


Started GET "/static_pages/home" for ::1 at 2015-01-30 15:53:38 +0200
Processing by StaticPagesController#home as HTML
  Rendered static_pages/home.html.erb within layouts/application (0.4ms)
Completed 200 OK in 1586ms (Views: 1585.2ms | ActiveRecord: 0.0ms)


Started GET "/assets/application-d33e3f37ccab816a7ea6e7b71b12ad99.css?body=1" for ::1 at 2015-01-30 15:53:39 +0200


Started GET "/assets/custom-a5fe905515326b76203d18750a77d62f.css?body=1" for ::1 at 2015-01-30 15:53:39 +0200


Started GET "/assets/jquery-87424c3c19e96d4fb033c10ebe21ec40.js?body=1" for ::1 at 2015-01-30 15:53:39 +0200


Started GET "/assets/static_pages-64e62ddc273c2f5847f30d698ca14b67.css?body=1" for ::1 at 2015-01-30 15:53:39 +0200


Started GET "/assets/jquery_ujs-e27bd20a10d28155845a22d71ef94f2f.js?body=1" for ::1 at 2015-01-30 15:53:39 +0200


Started GET "/assets/turbolinks-686d2bf7d9d383528c901c64187a8c31.js?body=1" for ::1 at 2015-01-30 15:53:39 +0200


Started GET "/assets/static_pages-fcec5b5a277ac7c20cc9f45a209a3bcd.js?body=1" for ::1 at 2015-01-30 15:53:39 +0200


Started GET "/assets/application-e93ffa4c2db8481b68b569045c04c777.js?body=1" for ::1 at 2015-01-30 15:53:39 +0200


Started GET "/assets/rails-be2e3e66a18126c4042f84cd4aae4cb3.png" for ::1 at 2015-01-30 15:53:39 +0200


Started GET "/static_pages/home" for ::1 at 2015-01-30 15:55:01 +0200
Processing by StaticPagesController#home as HTML
  Rendered static_pages/home.html.erb within layouts/application (0.3ms)
Completed 200 OK in 1720ms (Views: 1719.4ms | ActiveRecord: 0.0ms)


Started GET "/assets/custom-3aba13b35d6a59b17ff414408492e911.css?body=1" for ::1 at 2015-01-30 15:55:03 +0200


Started GET "/assets/static_pages-64e62ddc273c2f5847f30d698ca14b67.css?body=1" for ::1 at 2015-01-30 15:55:03 +0200


Started GET "/assets/application-48865e63107be91784a8a1e84de6f708.css?body=1" for ::1 at 2015-01-30 15:55:03 +0200


Started GET "/assets/jquery-87424c3c19e96d4fb033c10ebe21ec40.js?body=1" for ::1 at 2015-01-30 15:55:03 +0200


Started GET "/assets/jquery_ujs-e27bd20a10d28155845a22d71ef94f2f.js?body=1" for ::1 at 2015-01-30 15:55:03 +0200


Started GET "/assets/turbolinks-686d2bf7d9d383528c901c64187a8c31.js?body=1" for ::1 at 2015-01-30 15:55:03 +0200


Started GET "/assets/static_pages-fcec5b5a277ac7c20cc9f45a209a3bcd.js?body=1" for ::1 at 2015-01-30 15:55:03 +0200


Started GET "/assets/application-e93ffa4c2db8481b68b569045c04c777.js?body=1" for ::1 at 2015-01-30 15:55:03 +0200


Started GET "/assets/rails-be2e3e66a18126c4042f84cd4aae4cb3.png" for ::1 at 2015-01-30 15:55:03 +0200


Started GET "/static_pages/home" for ::1 at 2015-01-30 15:56:00 +0200
Processing by StaticPagesController#home as HTML
  Rendered static_pages/home.html.erb within layouts/application (0.3ms)
Completed 200 OK in 1735ms (Views: 1734.2ms | ActiveRecord: 0.0ms)


Started GET "/assets/custom-5d79dba3e694df78f427c53ef2176a4c.css?body=1" for ::1 at 2015-01-30 15:56:02 +0200


Started GET "/assets/static_pages-64e62ddc273c2f5847f30d698ca14b67.css?body=1" for ::1 at 2015-01-30 15:56:02 +0200


Started GET "/assets/application-af24009949cd0b34e2071f9e733e8665.css?body=1" for ::1 at 2015-01-30 15:56:02 +0200


Started GET "/assets/jquery-87424c3c19e96d4fb033c10ebe21ec40.js?body=1" for ::1 at 2015-01-30 15:56:02 +0200


Started GET "/assets/jquery_ujs-e27bd20a10d28155845a22d71ef94f2f.js?body=1" for ::1 at 2015-01-30 15:56:02 +0200


Started GET "/assets/turbolinks-686d2bf7d9d383528c901c64187a8c31.js?body=1" for ::1 at 2015-01-30 15:56:02 +0200


Started GET "/assets/static_pages-fcec5b5a277ac7c20cc9f45a209a3bcd.js?body=1" for ::1 at 2015-01-30 15:56:02 +0200


Started GET "/assets/application-e93ffa4c2db8481b68b569045c04c777.js?body=1" for ::1 at 2015-01-30 15:56:02 +0200


Started GET "/assets/rails-be2e3e66a18126c4042f84cd4aae4cb3.png" for ::1 at 2015-01-30 15:56:02 +0200


Started GET "/static_pages/home" for ::1 at 2015-01-30 16:11:36 +0200
Processing by StaticPagesController#home as HTML
  Rendered static_pages/home.html.erb within layouts/application (0.3ms)
  Rendered layouts/_shim.html.erb (0.3ms)
  Rendered layouts/_header.html.erb (0.5ms)
Completed 200 OK in 86ms (Views: 85.5ms | ActiveRecord: 0.0ms)


Started GET "/assets/custom-5d79dba3e694df78f427c53ef2176a4c.css?body=1" for ::1 at 2015-01-30 16:11:37 +0200


Started GET "/assets/static_pages-64e62ddc273c2f5847f30d698ca14b67.css?body=1" for ::1 at 2015-01-30 16:11:37 +0200


Started GET "/assets/jquery-87424c3c19e96d4fb033c10ebe21ec40.js?body=1" for ::1 at 2015-01-30 16:11:37 +0200


Started GET "/assets/application-af24009949cd0b34e2071f9e733e8665.css?body=1" for ::1 at 2015-01-30 16:11:37 +0200


Started GET "/assets/static_pages-fcec5b5a277ac7c20cc9f45a209a3bcd.js?body=1" for ::1 at 2015-01-30 16:11:37 +0200


Started GET "/assets/jquery_ujs-e27bd20a10d28155845a22d71ef94f2f.js?body=1" for ::1 at 2015-01-30 16:11:37 +0200


Started GET "/assets/turbolinks-686d2bf7d9d383528c901c64187a8c31.js?body=1" for ::1 at 2015-01-30 16:11:37 +0200


Started GET "/assets/application-e93ffa4c2db8481b68b569045c04c777.js?body=1" for ::1 at 2015-01-30 16:11:37 +0200


Started GET "/assets/rails-be2e3e66a18126c4042f84cd4aae4cb3.png" for ::1 at 2015-01-30 16:11:37 +0200


Started GET "/static_pages/home" for ::1 at 2015-01-30 16:12:44 +0200
Processing by StaticPagesController#home as HTML
  Rendered static_pages/home.html.erb within layouts/application (0.3ms)
  Rendered layouts/_shim.html.erb (0.1ms)
  Rendered layouts/_header.html.erb (0.1ms)
Completed 200 OK in 1766ms (Views: 1765.2ms | ActiveRecord: 0.0ms)


Started GET "/assets/custom-90912d957541a48f3ba32d9b633e8324.css?body=1" for ::1 at 2015-01-30 16:12:46 +0200


Started GET "/assets/application-09c73815462767fad1062905f9d52cb1.css?body=1" for ::1 at 2015-01-30 16:12:46 +0200


Started GET "/assets/static_pages-64e62ddc273c2f5847f30d698ca14b67.css?body=1" for ::1 at 2015-01-30 16:12:46 +0200


Started GET "/assets/jquery-87424c3c19e96d4fb033c10ebe21ec40.js?body=1" for ::1 at 2015-01-30 16:12:46 +0200


Started GET "/assets/turbolinks-686d2bf7d9d383528c901c64187a8c31.js?body=1" for ::1 at 2015-01-30 16:12:46 +0200


Started GET "/assets/jquery_ujs-e27bd20a10d28155845a22d71ef94f2f.js?body=1" for ::1 at 2015-01-30 16:12:46 +0200


Started GET "/assets/static_pages-fcec5b5a277ac7c20cc9f45a209a3bcd.js?body=1" for ::1 at 2015-01-30 16:12:46 +0200


Started GET "/assets/application-e93ffa4c2db8481b68b569045c04c777.js?body=1" for ::1 at 2015-01-30 16:12:46 +0200


Started GET "/assets/rails-be2e3e66a18126c4042f84cd4aae4cb3.png" for ::1 at 2015-01-30 16:12:46 +0200


Started GET "/static_pages/home" for ::1 at 2015-01-30 16:12:51 +0200
Processing by StaticPagesController#home as HTML
  Rendered static_pages/home.html.erb within layouts/application (0.2ms)
  Rendered layouts/_shim.html.erb (0.0ms)
  Rendered layouts/_header.html.erb (0.1ms)
Completed 200 OK in 91ms (Views: 89.9ms | ActiveRecord: 0.0ms)


Started GET "/assets/custom-90912d957541a48f3ba32d9b633e8324.css?body=1" for ::1 at 2015-01-30 16:12:51 +0200


Started GET "/assets/jquery_ujs-e27bd20a10d28155845a22d71ef94f2f.js?body=1" for ::1 at 2015-01-30 16:12:51 +0200


Started GET "/assets/turbolinks-686d2bf7d9d383528c901c64187a8c31.js?body=1" for ::1 at 2015-01-30 16:12:51 +0200


Started GET "/assets/application-09c73815462767fad1062905f9d52cb1.css?body=1" for ::1 at 2015-01-30 16:12:51 +0200


Started GET "/assets/jquery-87424c3c19e96d4fb033c10ebe21ec40.js?body=1" for ::1 at 2015-01-30 16:12:51 +0200


Started GET "/assets/static_pages-64e62ddc273c2f5847f30d698ca14b67.css?body=1" for ::1 at 2015-01-30 16:12:51 +0200


Started GET "/assets/static_pages-fcec5b5a277ac7c20cc9f45a209a3bcd.js?body=1" for ::1 at 2015-01-30 16:12:51 +0200


Started GET "/assets/application-e93ffa4c2db8481b68b569045c04c777.js?body=1" for ::1 at 2015-01-30 16:12:51 +0200


Started GET "/assets/rails-be2e3e66a18126c4042f84cd4aae4cb3.png" for ::1 at 2015-01-30 16:12:51 +0200


Started GET "/static_pages/home" for ::1 at 2015-01-30 16:12:53 +0200
Processing by StaticPagesController#home as HTML
  Rendered static_pages/home.html.erb within layouts/application (0.2ms)
  Rendered layouts/_shim.html.erb (0.1ms)
  Rendered layouts/_header.html.erb (0.2ms)
Completed 200 OK in 79ms (Views: 78.0ms | ActiveRecord: 0.0ms)


Started GET "/assets/static_pages-64e62ddc273c2f5847f30d698ca14b67.css?body=1" for ::1 at 2015-01-30 16:12:53 +0200


Started GET "/assets/jquery_ujs-e27bd20a10d28155845a22d71ef94f2f.js?body=1" for ::1 at 2015-01-30 16:12:53 +0200


Started GET "/assets/custom-90912d957541a48f3ba32d9b633e8324.css?body=1" for ::1 at 2015-01-30 16:12:53 +0200


Started GET "/assets/jquery-87424c3c19e96d4fb033c10ebe21ec40.js?body=1" for ::1 at 2015-01-30 16:12:53 +0200


Started GET "/assets/application-09c73815462767fad1062905f9d52cb1.css?body=1" for ::1 at 2015-01-30 16:12:53 +0200


Started GET "/assets/static_pages-fcec5b5a277ac7c20cc9f45a209a3bcd.js?body=1" for ::1 at 2015-01-30 16:12:53 +0200


Started GET "/assets/turbolinks-686d2bf7d9d383528c901c64187a8c31.js?body=1" for ::1 at 2015-01-30 16:12:53 +0200


Started GET "/assets/application-e93ffa4c2db8481b68b569045c04c777.js?body=1" for ::1 at 2015-01-30 16:12:53 +0200


Started GET "/assets/rails-be2e3e66a18126c4042f84cd4aae4cb3.png" for ::1 at 2015-01-30 16:12:53 +0200


Started GET "/static_pages/home" for ::1 at 2015-01-30 16:20:22 +0200
Processing by StaticPagesController#home as HTML
  Rendered static_pages/home.html.erb within layouts/application (0.3ms)
  Rendered layouts/_shim.html.erb (0.1ms)
  Rendered layouts/_header.html.erb (0.2ms)
Completed 500 Internal Server Error in 76ms

ActionView::Template::Error (Missing partial footer/_header with {:locale=>[:en], :formats=>[:html], :variants=>[], :handlers=>[:erb, :builder, :raw, :ruby, :coffee, :jbuilder]}. Searched in:
  * "/Users/Admin/.rvm/gems/ruby-2.2.0@global/gems/web-console-2.0.0/lib/action_dispatch/templates"
  * "/Users/Admin/RoR/sample_app/app/views"
):
    13:     <div class="container">
    14:       <%= yield %>
    15:     </div>
    16:     <%= render 'footer/header' %>
    17:   </body>
    18: </html>
  app/views/layouts/application.html.erb:16:in `_app_views_layouts_application_html_erb__4119711028792963782_70116769298620'


  Rendered /Users/Admin/.rvm/gems/ruby-2.2.0@global/gems/web-console-2.0.0/lib/action_dispatch/templates/rescues/_source.erb (7.0ms)
  Rendered /Users/Admin/.rvm/gems/ruby-2.2.0@global/gems/web-console-2.0.0/lib/action_dispatch/templates/rescues/_trace.html.erb (2.9ms)
  Rendered /Users/Admin/.rvm/gems/ruby-2.2.0@global/gems/web-console-2.0.0/lib/action_dispatch/templates/rescues/_request_and_response.html.erb (0.9ms)
  Rendered /Users/Admin/.rvm/gems/ruby-2.2.0@global/gems/web-console-2.0.0/lib/action_dispatch/templates/rescues/_web_console.html.erb (0.9ms)
  Rendered /Users/Admin/.rvm/gems/ruby-2.2.0@global/gems/web-console-2.0.0/lib/action_dispatch/templates/rescues/template_error.html.erb within rescues/layout (98.8ms)


Started GET "/static_pages/home" for ::1 at 2015-01-30 16:20:44 +0200
Processing by StaticPagesController#home as HTML
  Rendered static_pages/home.html.erb within layouts/application (0.4ms)
  Rendered layouts/_shim.html.erb (0.0ms)
  Rendered layouts/_header.html.erb (0.1ms)
Completed 500 Internal Server Error in 72ms

ActionView::Template::Error (Missing partial render/_footer with {:locale=>[:en], :formats=>[:html], :variants=>[], :handlers=>[:erb, :builder, :raw, :ruby, :coffee, :jbuilder]}. Searched in:
  * "/Users/Admin/.rvm/gems/ruby-2.2.0@global/gems/web-console-2.0.0/lib/action_dispatch/templates"
  * "/Users/Admin/RoR/sample_app/app/views"
):
    13:     <div class="container">
    14:       <%= yield %>
    15:     </div>
    16:     <%= render 'render/footer' %>
    17:   </body>
    18: </html>
  app/views/layouts/application.html.erb:16:in `_app_views_layouts_application_html_erb__4119711028792963782_70116791808840'


  Rendered /Users/Admin/.rvm/gems/ruby-2.2.0@global/gems/web-console-2.0.0/lib/action_dispatch/templates/rescues/_source.erb (7.0ms)
  Rendered /Users/Admin/.rvm/gems/ruby-2.2.0@global/gems/web-console-2.0.0/lib/action_dispatch/templates/rescues/_trace.html.erb (2.6ms)
  Rendered /Users/Admin/.rvm/gems/ruby-2.2.0@global/gems/web-console-2.0.0/lib/action_dispatch/templates/rescues/_request_and_response.html.erb (1.0ms)
  Rendered /Users/Admin/.rvm/gems/ruby-2.2.0@global/gems/web-console-2.0.0/lib/action_dispatch/templates/rescues/_web_console.html.erb (0.8ms)
  Rendered /Users/Admin/.rvm/gems/ruby-2.2.0@global/gems/web-console-2.0.0/lib/action_dispatch/templates/rescues/template_error.html.erb within rescues/layout (95.0ms)


Started GET "/static_pages/home" for ::1 at 2015-01-30 16:20:46 +0200
Processing by StaticPagesController#home as HTML
  Rendered static_pages/home.html.erb within layouts/application (0.3ms)
  Rendered layouts/_shim.html.erb (0.1ms)
  Rendered layouts/_header.html.erb (0.2ms)
Completed 500 Internal Server Error in 70ms

ActionView::Template::Error (Missing partial render/_footer with {:locale=>[:en], :formats=>[:html], :variants=>[], :handlers=>[:erb, :builder, :raw, :ruby, :coffee, :jbuilder]}. Searched in:
  * "/Users/Admin/.rvm/gems/ruby-2.2.0@global/gems/web-console-2.0.0/lib/action_dispatch/templates"
  * "/Users/Admin/RoR/sample_app/app/views"
):
    13:     <div class="container">
    14:       <%= yield %>
    15:     </div>
    16:     <%= render 'render/footer' %>
    17:   </body>
    18: </html>
  app/views/layouts/application.html.erb:16:in `_app_views_layouts_application_html_erb__4119711028792963782_70116791808840'


  Rendered /Users/Admin/.rvm/gems/ruby-2.2.0@global/gems/web-console-2.0.0/lib/action_dispatch/templates/rescues/_source.erb (12.8ms)
  Rendered /Users/Admin/.rvm/gems/ruby-2.2.0@global/gems/web-console-2.0.0/lib/action_dispatch/templates/rescues/_trace.html.erb (6.5ms)
  Rendered /Users/Admin/.rvm/gems/ruby-2.2.0@global/gems/web-console-2.0.0/lib/action_dispatch/templates/rescues/_request_and_response.html.erb (1.7ms)
  Rendered /Users/Admin/.rvm/gems/ruby-2.2.0@global/gems/web-console-2.0.0/lib/action_dispatch/templates/rescues/_web_console.html.erb (1.6ms)
  Rendered /Users/Admin/.rvm/gems/ruby-2.2.0@global/gems/web-console-2.0.0/lib/action_dispatch/templates/rescues/template_error.html.erb within rescues/layout (107.4ms)


Started GET "/static_pages/home" for ::1 at 2015-01-30 16:20:59 +0200
Processing by StaticPagesController#home as HTML
  Rendered static_pages/home.html.erb within layouts/application (0.4ms)
  Rendered layouts/_shim.html.erb (0.1ms)
  Rendered layouts/_header.html.erb (0.1ms)
  Rendered layouts/_footer.html.erb (0.6ms)
Completed 200 OK in 76ms (Views: 75.8ms | ActiveRecord: 0.0ms)


Started GET "/assets/custom-90912d957541a48f3ba32d9b633e8324.css?body=1" for ::1 at 2015-01-30 16:20:59 +0200


Started GET "/assets/static_pages-64e62ddc273c2f5847f30d698ca14b67.css?body=1" for ::1 at 2015-01-30 16:20:59 +0200


Started GET "/assets/static_pages-fcec5b5a277ac7c20cc9f45a209a3bcd.js?body=1" for ::1 at 2015-01-30 16:20:59 +0200


Started GET "/assets/jquery-87424c3c19e96d4fb033c10ebe21ec40.js?body=1" for ::1 at 2015-01-30 16:20:59 +0200


Started GET "/assets/jquery_ujs-e27bd20a10d28155845a22d71ef94f2f.js?body=1" for ::1 at 2015-01-30 16:20:59 +0200


Started GET "/assets/application-09c73815462767fad1062905f9d52cb1.css?body=1" for ::1 at 2015-01-30 16:20:59 +0200


Started GET "/assets/turbolinks-686d2bf7d9d383528c901c64187a8c31.js?body=1" for ::1 at 2015-01-30 16:20:59 +0200


Started GET "/assets/application-e93ffa4c2db8481b68b569045c04c777.js?body=1" for ::1 at 2015-01-30 16:20:59 +0200


Started GET "/assets/rails-be2e3e66a18126c4042f84cd4aae4cb3.png" for ::1 at 2015-01-30 16:20:59 +0200


Started GET "/static_pages/home" for ::1 at 2015-01-30 16:22:35 +0200
Processing by StaticPagesController#home as HTML
  Rendered static_pages/home.html.erb within layouts/application (0.4ms)
  Rendered layouts/_shim.html.erb (0.0ms)
  Rendered layouts/_header.html.erb (0.1ms)
  Rendered layouts/_footer.html.erb (0.2ms)
Completed 200 OK in 75ms (Views: 74.6ms | ActiveRecord: 0.0ms)


Started GET "/assets/custom-90912d957541a48f3ba32d9b633e8324.css?body=1" for ::1 at 2015-01-30 16:22:35 +0200


Started GET "/assets/static_pages-64e62ddc273c2f5847f30d698ca14b67.css?body=1" for ::1 at 2015-01-30 16:22:35 +0200


Started GET "/assets/static_pages-fcec5b5a277ac7c20cc9f45a209a3bcd.js?body=1" for ::1 at 2015-01-30 16:22:35 +0200


Started GET "/assets/application-09c73815462767fad1062905f9d52cb1.css?body=1" for ::1 at 2015-01-30 16:22:35 +0200


Started GET "/assets/jquery_ujs-e27bd20a10d28155845a22d71ef94f2f.js?body=1" for ::1 at 2015-01-30 16:22:35 +0200


Started GET "/assets/jquery-87424c3c19e96d4fb033c10ebe21ec40.js?body=1" for ::1 at 2015-01-30 16:22:35 +0200


Started GET "/assets/turbolinks-686d2bf7d9d383528c901c64187a8c31.js?body=1" for ::1 at 2015-01-30 16:22:35 +0200


Started GET "/assets/application-e93ffa4c2db8481b68b569045c04c777.js?body=1" for ::1 at 2015-01-30 16:22:35 +0200


Started GET "/assets/rails-be2e3e66a18126c4042f84cd4aae4cb3.png" for ::1 at 2015-01-30 16:22:35 +0200


Started GET "/static_pages/home" for ::1 at 2015-01-30 16:54:09 +0200
Processing by StaticPagesController#home as HTML
  Rendered static_pages/home.html.erb within layouts/application (17.3ms)
  Rendered layouts/_shim.html.erb (0.1ms)
  Rendered layouts/_header.html.erb (0.2ms)
  Rendered layouts/_footer.html.erb (0.2ms)
Completed 200 OK in 119ms (Views: 115.2ms | ActiveRecord: 0.0ms)


Started GET "/assets/custom-90912d957541a48f3ba32d9b633e8324.css?body=1" for ::1 at 2015-01-30 16:54:10 +0200


Started GET "/assets/static_pages-64e62ddc273c2f5847f30d698ca14b67.css?body=1" for ::1 at 2015-01-30 16:54:10 +0200


Started GET "/assets/static_pages-fcec5b5a277ac7c20cc9f45a209a3bcd.js?body=1" for ::1 at 2015-01-30 16:54:10 +0200


Started GET "/assets/application-09c73815462767fad1062905f9d52cb1.css?body=1" for ::1 at 2015-01-30 16:54:10 +0200


Started GET "/assets/jquery-87424c3c19e96d4fb033c10ebe21ec40.js?body=1" for ::1 at 2015-01-30 16:54:10 +0200


Started GET "/assets/jquery_ujs-e27bd20a10d28155845a22d71ef94f2f.js?body=1" for ::1 at 2015-01-30 16:54:10 +0200


Started GET "/assets/turbolinks-686d2bf7d9d383528c901c64187a8c31.js?body=1" for ::1 at 2015-01-30 16:54:10 +0200


Started GET "/assets/application-e93ffa4c2db8481b68b569045c04c777.js?body=1" for ::1 at 2015-01-30 16:54:10 +0200


Started GET "/assets/rails-8f29b3579131c7fae6075f4524732463.png" for ::1 at 2015-01-30 16:54:10 +0200


Started GET "/static_pages/home" for ::1 at 2015-01-30 16:56:04 +0200
Processing by StaticPagesController#home as HTML
  Rendered static_pages/home.html.erb within layouts/application (0.3ms)
  Rendered layouts/_shim.html.erb (0.1ms)
  Rendered layouts/_header.html.erb (0.2ms)
  Rendered layouts/_footer.html.erb (0.1ms)
Completed 200 OK in 79ms (Views: 78.8ms | ActiveRecord: 0.0ms)


Started GET "/assets/custom-90912d957541a48f3ba32d9b633e8324.css?body=1" for ::1 at 2015-01-30 16:56:04 +0200


Started GET "/assets/static_pages-64e62ddc273c2f5847f30d698ca14b67.css?body=1" for ::1 at 2015-01-30 16:56:04 +0200


Started GET "/assets/application-09c73815462767fad1062905f9d52cb1.css?body=1" for ::1 at 2015-01-30 16:56:04 +0200


Started GET "/assets/jquery-87424c3c19e96d4fb033c10ebe21ec40.js?body=1" for ::1 at 2015-01-30 16:56:04 +0200


Started GET "/assets/static_pages-fcec5b5a277ac7c20cc9f45a209a3bcd.js?body=1" for ::1 at 2015-01-30 16:56:04 +0200


Started GET "/assets/jquery_ujs-e27bd20a10d28155845a22d71ef94f2f.js?body=1" for ::1 at 2015-01-30 16:56:04 +0200


Started GET "/assets/turbolinks-686d2bf7d9d383528c901c64187a8c31.js?body=1" for ::1 at 2015-01-30 16:56:04 +0200


Started GET "/assets/application-e93ffa4c2db8481b68b569045c04c777.js?body=1" for ::1 at 2015-01-30 16:56:04 +0200


Started GET "/assets/rails-8f29b3579131c7fae6075f4524732463.png" for ::1 at 2015-01-30 16:56:04 +0200


Started GET "/static_pages/home" for ::1 at 2015-01-30 21:10:55 +0200
Processing by StaticPagesController#home as HTML
  Rendered static_pages/home.html.erb within layouts/application (0.3ms)
Completed 500 Internal Server Error in 776ms

ActionView::Template::Error (Undefined variable: "$grayLight".
  (in /Users/Admin/RoR/sample_app/app/assets/stylesheets/custom.css.scss:51)):
    2: <html>
    3:   <head>
    4:     <title><%= full_title(yield(:title)) %></title>
    5:     <%= stylesheet_link_tag "application", media: "all",
    6:                                            "data-turbolinks-track" => true %>
    7:     <%= javascript_include_tag "application", "data-turbolinks-track" => true %>
    8:     <%= csrf_meta_tags %>
  app/assets/stylesheets/custom.css.scss:51
  app/views/layouts/application.html.erb:5:in `_app_views_layouts_application_html_erb__4119711028792963782_70116814396780'


  Rendered /Users/Admin/.rvm/gems/ruby-2.2.0@global/gems/web-console-2.0.0/lib/action_dispatch/templates/rescues/_source.erb (12.2ms)
  Rendered /Users/Admin/.rvm/gems/ruby-2.2.0@global/gems/web-console-2.0.0/lib/action_dispatch/templates/rescues/_trace.html.erb (4.2ms)
  Rendered /Users/Admin/.rvm/gems/ruby-2.2.0@global/gems/web-console-2.0.0/lib/action_dispatch/templates/rescues/_request_and_response.html.erb (1.5ms)
  Rendered /Users/Admin/.rvm/gems/ruby-2.2.0@global/gems/web-console-2.0.0/lib/action_dispatch/templates/rescues/_web_console.html.erb (1.2ms)
  Rendered /Users/Admin/.rvm/gems/ruby-2.2.0@global/gems/web-console-2.0.0/lib/action_dispatch/templates/rescues/template_error.html.erb within rescues/layout (108.6ms)


Started GET "/static_pages/home" for ::1 at 2015-01-30 21:13:39 +0200
Processing by StaticPagesController#home as HTML
  Rendered static_pages/home.html.erb within layouts/application (0.3ms)
  Rendered layouts/_shim.html.erb (0.1ms)
  Rendered layouts/_header.html.erb (0.2ms)
  Rendered layouts/_footer.html.erb (0.1ms)
Completed 200 OK in 75ms (Views: 74.1ms | ActiveRecord: 0.0ms)


Started GET "/assets/custom-90912d957541a48f3ba32d9b633e8324.css?body=1" for ::1 at 2015-01-30 21:13:40 +0200


Started GET "/assets/static_pages-64e62ddc273c2f5847f30d698ca14b67.css?body=1" for ::1 at 2015-01-30 21:13:40 +0200


Started GET "/assets/application-09c73815462767fad1062905f9d52cb1.css?body=1" for ::1 at 2015-01-30 21:13:40 +0200


Started GET "/assets/jquery-87424c3c19e96d4fb033c10ebe21ec40.js?body=1" for ::1 at 2015-01-30 21:13:40 +0200


Started GET "/assets/static_pages-fcec5b5a277ac7c20cc9f45a209a3bcd.js?body=1" for ::1 at 2015-01-30 21:13:40 +0200


Started GET "/assets/jquery_ujs-e27bd20a10d28155845a22d71ef94f2f.js?body=1" for ::1 at 2015-01-30 21:13:40 +0200


Started GET "/assets/application-e93ffa4c2db8481b68b569045c04c777.js?body=1" for ::1 at 2015-01-30 21:13:40 +0200


Started GET "/assets/turbolinks-686d2bf7d9d383528c901c64187a8c31.js?body=1" for ::1 at 2015-01-30 21:13:40 +0200


Started GET "/assets/rails-8f29b3579131c7fae6075f4524732463.png" for ::1 at 2015-01-30 21:13:40 +0200


Started GET "/static_pages/home" for ::1 at 2015-01-30 21:13:45 +0200
Processing by StaticPagesController#home as HTML
  Rendered static_pages/home.html.erb within layouts/application (0.7ms)
  Rendered layouts/_shim.html.erb (0.4ms)
  Rendered layouts/_header.html.erb (0.5ms)
  Rendered layouts/_footer.html.erb (0.5ms)
Completed 200 OK in 77ms (Views: 76.7ms | ActiveRecord: 0.0ms)


Started GET "/static_pages/home" for ::1 at 2015-01-30 21:13:47 +0200
Processing by StaticPagesController#home as HTML
  Rendered static_pages/home.html.erb within layouts/application (0.3ms)
  Rendered layouts/_shim.html.erb (0.1ms)
  Rendered layouts/_header.html.erb (0.1ms)
  Rendered layouts/_footer.html.erb (0.1ms)
Completed 200 OK in 73ms (Views: 72.2ms | ActiveRecord: 0.0ms)


Started GET "/assets/custom-90912d957541a48f3ba32d9b633e8324.css?body=1" for ::1 at 2015-01-30 21:13:47 +0200


Started GET "/assets/jquery-87424c3c19e96d4fb033c10ebe21ec40.js?body=1" for ::1 at 2015-01-30 21:13:47 +0200


Started GET "/assets/static_pages-64e62ddc273c2f5847f30d698ca14b67.css?body=1" for ::1 at 2015-01-30 21:13:47 +0200


Started GET "/assets/application-09c73815462767fad1062905f9d52cb1.css?body=1" for ::1 at 2015-01-30 21:13:47 +0200


Started GET "/assets/turbolinks-686d2bf7d9d383528c901c64187a8c31.js?body=1" for ::1 at 2015-01-30 21:13:47 +0200


Started GET "/assets/jquery_ujs-e27bd20a10d28155845a22d71ef94f2f.js?body=1" for ::1 at 2015-01-30 21:13:47 +0200


Started GET "/assets/static_pages-fcec5b5a277ac7c20cc9f45a209a3bcd.js?body=1" for ::1 at 2015-01-30 21:13:47 +0200


Started GET "/assets/application-e93ffa4c2db8481b68b569045c04c777.js?body=1" for ::1 at 2015-01-30 21:13:47 +0200


Started GET "/assets/rails-8f29b3579131c7fae6075f4524732463.png" for ::1 at 2015-01-30 21:13:48 +0200


Started GET "/static_pages/home" for ::1 at 2015-01-30 21:57:07 +0200
Processing by StaticPagesController#home as HTML
  Rendered static_pages/home.html.erb within layouts/application (0.4ms)
  Rendered layouts/_shim.html.erb (0.1ms)
  Rendered layouts/_header.html.erb (0.1ms)
  Rendered layouts/_footer.html.erb (0.1ms)
Completed 200 OK in 81ms (Views: 80.6ms | ActiveRecord: 0.0ms)


Started GET "/assets/custom-90912d957541a48f3ba32d9b633e8324.css?body=1" for ::1 at 2015-01-30 21:57:07 +0200


Started GET "/assets/static_pages-64e62ddc273c2f5847f30d698ca14b67.css?body=1" for ::1 at 2015-01-30 21:57:07 +0200


Started GET "/assets/application-09c73815462767fad1062905f9d52cb1.css?body=1" for ::1 at 2015-01-30 21:57:07 +0200


Started GET "/assets/jquery-87424c3c19e96d4fb033c10ebe21ec40.js?body=1" for ::1 at 2015-01-30 21:57:07 +0200


Started GET "/assets/jquery_ujs-e27bd20a10d28155845a22d71ef94f2f.js?body=1" for ::1 at 2015-01-30 21:57:07 +0200


Started GET "/assets/turbolinks-686d2bf7d9d383528c901c64187a8c31.js?body=1" for ::1 at 2015-01-30 21:57:07 +0200


Started GET "/assets/static_pages-fcec5b5a277ac7c20cc9f45a209a3bcd.js?body=1" for ::1 at 2015-01-30 21:57:07 +0200


Started GET "/assets/application-e93ffa4c2db8481b68b569045c04c777.js?body=1" for ::1 at 2015-01-30 21:57:07 +0200


Started GET "/assets/rails-8f29b3579131c7fae6075f4524732463.png" for ::1 at 2015-01-30 21:57:07 +0200


Started GET "/home" for ::1 at 2015-01-30 21:57:13 +0200

ActionController::RoutingError (No route matches [GET] "/home"):
  web-console (2.0.0) lib/action_dispatch/debug_exceptions.rb:22:in `middleware_call'
  web-console (2.0.0) lib/action_dispatch/debug_exceptions.rb:13:in `call'
  actionpack (4.2.0) lib/action_dispatch/middleware/show_exceptions.rb:30:in `call'
  railties (4.2.0) lib/rails/rack/logger.rb:38:in `call_app'
  railties (4.2.0) lib/rails/rack/logger.rb:20:in `block in call'
  activesupport (4.2.0) lib/active_support/tagged_logging.rb:68:in `block in tagged'
  activesupport (4.2.0) lib/active_support/tagged_logging.rb:26:in `tagged'
  activesupport (4.2.0) lib/active_support/tagged_logging.rb:68:in `tagged'
  railties (4.2.0) lib/rails/rack/logger.rb:20:in `call'
  actionpack (4.2.0) lib/action_dispatch/middleware/request_id.rb:21:in `call'
  rack (1.6.0) lib/rack/methodoverride.rb:22:in `call'
  rack (1.6.0) lib/rack/runtime.rb:18:in `call'
  activesupport (4.2.0) lib/active_support/cache/strategy/local_cache_middleware.rb:28:in `call'
  rack (1.6.0) lib/rack/lock.rb:17:in `call'
  actionpack (4.2.0) lib/action_dispatch/middleware/static.rb:113:in `call'
  rack (1.6.0) lib/rack/sendfile.rb:113:in `call'
  railties (4.2.0) lib/rails/engine.rb:518:in `call'
  railties (4.2.0) lib/rails/application.rb:164:in `call'
  rack (1.6.0) lib/rack/lock.rb:17:in `call'
  rack (1.6.0) lib/rack/content_length.rb:15:in `call'
  rack (1.6.0) lib/rack/handler/webrick.rb:89:in `service'
  /Users/Admin/.rvm/rubies/ruby-2.2.0/lib/ruby/2.2.0/webrick/httpserver.rb:138:in `service'
  /Users/Admin/.rvm/rubies/ruby-2.2.0/lib/ruby/2.2.0/webrick/httpserver.rb:94:in `run'
  /Users/Admin/.rvm/rubies/ruby-2.2.0/lib/ruby/2.2.0/webrick/server.rb:294:in `block in start_thread'


  Rendered /Users/Admin/.rvm/gems/ruby-2.2.0@global/gems/web-console-2.0.0/lib/action_dispatch/templates/rescues/_trace.html.erb (2.6ms)
  Rendered /Users/Admin/.rvm/gems/ruby-2.2.0@global/gems/web-console-2.0.0/lib/action_dispatch/templates/routes/_route.html.erb (1.0ms)
  Rendered /Users/Admin/.rvm/gems/ruby-2.2.0@global/gems/web-console-2.0.0/lib/action_dispatch/templates/routes/_table.html.erb (32.4ms)
  Rendered /Users/Admin/.rvm/gems/ruby-2.2.0@global/gems/web-console-2.0.0/lib/action_dispatch/templates/rescues/_request_and_response.html.erb (1.3ms)
  Rendered /Users/Admin/.rvm/gems/ruby-2.2.0@global/gems/web-console-2.0.0/lib/action_dispatch/templates/rescues/_web_console.html.erb (1.0ms)
  Rendered /Users/Admin/.rvm/gems/ruby-2.2.0@global/gems/web-console-2.0.0/lib/action_dispatch/templates/rescues/routing_error.html.erb within rescues/layout (143.8ms)


Started GET "/help" for ::1 at 2015-01-30 21:57:20 +0200
Processing by StaticPagesController#help as HTML
  Rendered static_pages/help.html.erb within layouts/application (0.7ms)
  Rendered layouts/_shim.html.erb (0.0ms)
  Rendered layouts/_header.html.erb (0.1ms)
  Rendered layouts/_footer.html.erb (0.1ms)
Completed 200 OK in 77ms (Views: 76.7ms | ActiveRecord: 0.0ms)


Started GET "/assets/custom-90912d957541a48f3ba32d9b633e8324.css?body=1" for ::1 at 2015-01-30 21:57:21 +0200


Started GET "/assets/jquery_ujs-e27bd20a10d28155845a22d71ef94f2f.js?body=1" for ::1 at 2015-01-30 21:57:21 +0200


Started GET "/assets/jquery-87424c3c19e96d4fb033c10ebe21ec40.js?body=1" for ::1 at 2015-01-30 21:57:21 +0200


Started GET "/assets/static_pages-64e62ddc273c2f5847f30d698ca14b67.css?body=1" for ::1 at 2015-01-30 21:57:21 +0200


Started GET "/assets/turbolinks-686d2bf7d9d383528c901c64187a8c31.js?body=1" for ::1 at 2015-01-30 21:57:21 +0200


Started GET "/assets/application-09c73815462767fad1062905f9d52cb1.css?body=1" for ::1 at 2015-01-30 21:57:21 +0200


Started GET "/assets/static_pages-fcec5b5a277ac7c20cc9f45a209a3bcd.js?body=1" for ::1 at 2015-01-30 21:57:21 +0200


Started GET "/assets/application-e93ffa4c2db8481b68b569045c04c777.js?body=1" for ::1 at 2015-01-30 21:57:21 +0200


Started GET "/about" for ::1 at 2015-01-30 21:57:35 +0200
Processing by StaticPagesController#about as HTML
  Rendered static_pages/about.html.erb within layouts/application (0.4ms)
  Rendered layouts/_shim.html.erb (0.0ms)
  Rendered layouts/_header.html.erb (0.1ms)
  Rendered layouts/_footer.html.erb (0.1ms)
Completed 200 OK in 69ms (Views: 69.1ms | ActiveRecord: 0.0ms)


Started GET "/assets/custom-90912d957541a48f3ba32d9b633e8324.css?body=1" for ::1 at 2015-01-30 21:57:35 +0200


Started GET "/assets/jquery-87424c3c19e96d4fb033c10ebe21ec40.js?body=1" for ::1 at 2015-01-30 21:57:35 +0200


Started GET "/assets/jquery_ujs-e27bd20a10d28155845a22d71ef94f2f.js?body=1" for ::1 at 2015-01-30 21:57:35 +0200


Started GET "/assets/turbolinks-686d2bf7d9d383528c901c64187a8c31.js?body=1" for ::1 at 2015-01-30 21:57:35 +0200


Started GET "/assets/static_pages-64e62ddc273c2f5847f30d698ca14b67.css?body=1" for ::1 at 2015-01-30 21:57:35 +0200


Started GET "/assets/application-09c73815462767fad1062905f9d52cb1.css?body=1" for ::1 at 2015-01-30 21:57:35 +0200


Started GET "/assets/static_pages-fcec5b5a277ac7c20cc9f45a209a3bcd.js?body=1" for ::1 at 2015-01-30 21:57:35 +0200


Started GET "/assets/application-e93ffa4c2db8481b68b569045c04c777.js?body=1" for ::1 at 2015-01-30 21:57:35 +0200


Started GET "/static_pages/home" for ::1 at 2015-01-30 21:57:51 +0200
Processing by StaticPagesController#home as HTML
  Rendered static_pages/home.html.erb within layouts/application (0.3ms)
  Rendered layouts/_shim.html.erb (0.0ms)
  Rendered layouts/_header.html.erb (0.1ms)
  Rendered layouts/_footer.html.erb (0.1ms)
Completed 200 OK in 69ms (Views: 68.1ms | ActiveRecord: 0.0ms)


Started GET "/assets/custom-90912d957541a48f3ba32d9b633e8324.css?body=1" for ::1 at 2015-01-30 21:57:52 +0200


Started GET "/assets/static_pages-64e62ddc273c2f5847f30d698ca14b67.css?body=1" for ::1 at 2015-01-30 21:57:52 +0200


Started GET "/assets/jquery-87424c3c19e96d4fb033c10ebe21ec40.js?body=1" for ::1 at 2015-01-30 21:57:52 +0200


Started GET "/assets/application-09c73815462767fad1062905f9d52cb1.css?body=1" for ::1 at 2015-01-30 21:57:52 +0200


Started GET "/assets/turbolinks-686d2bf7d9d383528c901c64187a8c31.js?body=1" for ::1 at 2015-01-30 21:57:52 +0200


Started GET "/assets/jquery_ujs-e27bd20a10d28155845a22d71ef94f2f.js?body=1" for ::1 at 2015-01-30 21:57:52 +0200


Started GET "/assets/static_pages-fcec5b5a277ac7c20cc9f45a209a3bcd.js?body=1" for ::1 at 2015-01-30 21:57:52 +0200


Started GET "/assets/application-e93ffa4c2db8481b68b569045c04c777.js?body=1" for ::1 at 2015-01-30 21:57:52 +0200


Started GET "/assets/rails-8f29b3579131c7fae6075f4524732463.png" for ::1 at 2015-01-30 21:57:52 +0200


Started GET "/static_pages/home" for ::1 at 2015-01-30 22:00:49 +0200

ActionController::RoutingError (No route matches [GET] "/static_pages/home"):
  web-console (2.0.0) lib/action_dispatch/debug_exceptions.rb:22:in `middleware_call'
  web-console (2.0.0) lib/action_dispatch/debug_exceptions.rb:13:in `call'
  actionpack (4.2.0) lib/action_dispatch/middleware/show_exceptions.rb:30:in `call'
  railties (4.2.0) lib/rails/rack/logger.rb:38:in `call_app'
  railties (4.2.0) lib/rails/rack/logger.rb:20:in `block in call'
  activesupport (4.2.0) lib/active_support/tagged_logging.rb:68:in `block in tagged'
  activesupport (4.2.0) lib/active_support/tagged_logging.rb:26:in `tagged'
  activesupport (4.2.0) lib/active_support/tagged_logging.rb:68:in `tagged'
  railties (4.2.0) lib/rails/rack/logger.rb:20:in `call'
  actionpack (4.2.0) lib/action_dispatch/middleware/request_id.rb:21:in `call'
  rack (1.6.0) lib/rack/methodoverride.rb:22:in `call'
  rack (1.6.0) lib/rack/runtime.rb:18:in `call'
  activesupport (4.2.0) lib/active_support/cache/strategy/local_cache_middleware.rb:28:in `call'
  rack (1.6.0) lib/rack/lock.rb:17:in `call'
  actionpack (4.2.0) lib/action_dispatch/middleware/static.rb:113:in `call'
  rack (1.6.0) lib/rack/sendfile.rb:113:in `call'
  railties (4.2.0) lib/rails/engine.rb:518:in `call'
  railties (4.2.0) lib/rails/application.rb:164:in `call'
  rack (1.6.0) lib/rack/lock.rb:17:in `call'
  rack (1.6.0) lib/rack/content_length.rb:15:in `call'
  rack (1.6.0) lib/rack/handler/webrick.rb:89:in `service'
  /Users/Admin/.rvm/rubies/ruby-2.2.0/lib/ruby/2.2.0/webrick/httpserver.rb:138:in `service'
  /Users/Admin/.rvm/rubies/ruby-2.2.0/lib/ruby/2.2.0/webrick/httpserver.rb:94:in `run'
  /Users/Admin/.rvm/rubies/ruby-2.2.0/lib/ruby/2.2.0/webrick/server.rb:294:in `block in start_thread'


  Rendered /Users/Admin/.rvm/gems/ruby-2.2.0@global/gems/web-console-2.0.0/lib/action_dispatch/templates/rescues/_trace.html.erb (3.2ms)
  Rendered /Users/Admin/.rvm/gems/ruby-2.2.0@global/gems/web-console-2.0.0/lib/action_dispatch/templates/routes/_route.html.erb (1.3ms)
  Rendered /Users/Admin/.rvm/gems/ruby-2.2.0@global/gems/web-console-2.0.0/lib/action_dispatch/templates/routes/_table.html.erb (1.7ms)
  Rendered /Users/Admin/.rvm/gems/ruby-2.2.0@global/gems/web-console-2.0.0/lib/action_dispatch/templates/rescues/_request_and_response.html.erb (1.4ms)
  Rendered /Users/Admin/.rvm/gems/ruby-2.2.0@global/gems/web-console-2.0.0/lib/action_dispatch/templates/rescues/_web_console.html.erb (1.3ms)
  Rendered /Users/Admin/.rvm/gems/ruby-2.2.0@global/gems/web-console-2.0.0/lib/action_dispatch/templates/rescues/routing_error.html.erb within rescues/layout (114.3ms)


Started GET "/" for ::1 at 2015-01-30 22:00:54 +0200
Processing by StaticPagesController#home as HTML
  Rendered static_pages/home.html.erb within layouts/application (0.3ms)
  Rendered layouts/_shim.html.erb (0.1ms)
  Rendered layouts/_header.html.erb (0.2ms)
  Rendered layouts/_footer.html.erb (0.1ms)
Completed 200 OK in 86ms (Views: 85.1ms | ActiveRecord: 0.0ms)


Started GET "/assets/custom-90912d957541a48f3ba32d9b633e8324.css?body=1" for ::1 at 2015-01-30 22:00:54 +0200


Started GET "/assets/static_pages-64e62ddc273c2f5847f30d698ca14b67.css?body=1" for ::1 at 2015-01-30 22:00:54 +0200


Started GET "/assets/application-09c73815462767fad1062905f9d52cb1.css?body=1" for ::1 at 2015-01-30 22:00:54 +0200


Started GET "/assets/jquery-87424c3c19e96d4fb033c10ebe21ec40.js?body=1" for ::1 at 2015-01-30 22:00:54 +0200


Started GET "/assets/turbolinks-686d2bf7d9d383528c901c64187a8c31.js?body=1" for ::1 at 2015-01-30 22:00:54 +0200


Started GET "/assets/jquery_ujs-e27bd20a10d28155845a22d71ef94f2f.js?body=1" for ::1 at 2015-01-30 22:00:54 +0200


Started GET "/assets/static_pages-fcec5b5a277ac7c20cc9f45a209a3bcd.js?body=1" for ::1 at 2015-01-30 22:00:54 +0200


Started GET "/assets/application-e93ffa4c2db8481b68b569045c04c777.js?body=1" for ::1 at 2015-01-30 22:00:54 +0200


Started GET "/assets/rails-8f29b3579131c7fae6075f4524732463.png" for ::1 at 2015-01-30 22:00:54 +0200


Started GET "/" for ::1 at 2015-01-30 22:02:57 +0200
Processing by StaticPagesController#home as HTML
  Rendered static_pages/home.html.erb within layouts/application (0.3ms)
  Rendered layouts/_shim.html.erb (0.0ms)
  Rendered layouts/_header.html.erb (0.6ms)
  Rendered layouts/_footer.html.erb (0.4ms)
Completed 200 OK in 77ms (Views: 76.3ms | ActiveRecord: 0.0ms)


Started GET "/assets/custom-90912d957541a48f3ba32d9b633e8324.css?body=1" for ::1 at 2015-01-30 22:02:57 +0200


Started GET "/assets/static_pages-64e62ddc273c2f5847f30d698ca14b67.css?body=1" for ::1 at 2015-01-30 22:02:57 +0200


Started GET "/assets/application-09c73815462767fad1062905f9d52cb1.css?body=1" for ::1 at 2015-01-30 22:02:57 +0200


Started GET "/assets/jquery-87424c3c19e96d4fb033c10ebe21ec40.js?body=1" for ::1 at 2015-01-30 22:02:57 +0200


Started GET "/assets/jquery_ujs-e27bd20a10d28155845a22d71ef94f2f.js?body=1" for ::1 at 2015-01-30 22:02:57 +0200


Started GET "/assets/static_pages-fcec5b5a277ac7c20cc9f45a209a3bcd.js?body=1" for ::1 at 2015-01-30 22:02:57 +0200


Started GET "/assets/turbolinks-686d2bf7d9d383528c901c64187a8c31.js?body=1" for ::1 at 2015-01-30 22:02:57 +0200


Started GET "/assets/application-e93ffa4c2db8481b68b569045c04c777.js?body=1" for ::1 at 2015-01-30 22:02:57 +0200


Started GET "/assets/rails-8f29b3579131c7fae6075f4524732463.png" for ::1 at 2015-01-30 22:02:57 +0200


Started GET "/help_path" for ::1 at 2015-01-30 22:02:58 +0200

ActionController::RoutingError (No route matches [GET] "/help_path"):
  web-console (2.0.0) lib/action_dispatch/debug_exceptions.rb:22:in `middleware_call'
  web-console (2.0.0) lib/action_dispatch/debug_exceptions.rb:13:in `call'
  actionpack (4.2.0) lib/action_dispatch/middleware/show_exceptions.rb:30:in `call'
  railties (4.2.0) lib/rails/rack/logger.rb:38:in `call_app'
  railties (4.2.0) lib/rails/rack/logger.rb:20:in `block in call'
  activesupport (4.2.0) lib/active_support/tagged_logging.rb:68:in `block in tagged'
  activesupport (4.2.0) lib/active_support/tagged_logging.rb:26:in `tagged'
  activesupport (4.2.0) lib/active_support/tagged_logging.rb:68:in `tagged'
  railties (4.2.0) lib/rails/rack/logger.rb:20:in `call'
  actionpack (4.2.0) lib/action_dispatch/middleware/request_id.rb:21:in `call'
  rack (1.6.0) lib/rack/methodoverride.rb:22:in `call'
  rack (1.6.0) lib/rack/runtime.rb:18:in `call'
  activesupport (4.2.0) lib/active_support/cache/strategy/local_cache_middleware.rb:28:in `call'
  rack (1.6.0) lib/rack/lock.rb:17:in `call'
  actionpack (4.2.0) lib/action_dispatch/middleware/static.rb:113:in `call'
  rack (1.6.0) lib/rack/sendfile.rb:113:in `call'
  railties (4.2.0) lib/rails/engine.rb:518:in `call'
  railties (4.2.0) lib/rails/application.rb:164:in `call'
  rack (1.6.0) lib/rack/lock.rb:17:in `call'
  rack (1.6.0) lib/rack/content_length.rb:15:in `call'
  rack (1.6.0) lib/rack/handler/webrick.rb:89:in `service'
  /Users/Admin/.rvm/rubies/ruby-2.2.0/lib/ruby/2.2.0/webrick/httpserver.rb:138:in `service'
  /Users/Admin/.rvm/rubies/ruby-2.2.0/lib/ruby/2.2.0/webrick/httpserver.rb:94:in `run'
  /Users/Admin/.rvm/rubies/ruby-2.2.0/lib/ruby/2.2.0/webrick/server.rb:294:in `block in start_thread'


  Rendered /Users/Admin/.rvm/gems/ruby-2.2.0@global/gems/web-console-2.0.0/lib/action_dispatch/templates/rescues/_trace.html.erb (1.9ms)
  Rendered /Users/Admin/.rvm/gems/ruby-2.2.0@global/gems/web-console-2.0.0/lib/action_dispatch/templates/routes/_route.html.erb (0.9ms)
  Rendered /Users/Admin/.rvm/gems/ruby-2.2.0@global/gems/web-console-2.0.0/lib/action_dispatch/templates/routes/_table.html.erb (1.3ms)
  Rendered /Users/Admin/.rvm/gems/ruby-2.2.0@global/gems/web-console-2.0.0/lib/action_dispatch/templates/rescues/_request_and_response.html.erb (1.9ms)
  Rendered /Users/Admin/.rvm/gems/ruby-2.2.0@global/gems/web-console-2.0.0/lib/action_dispatch/templates/rescues/_web_console.html.erb (1.4ms)
  Rendered /Users/Admin/.rvm/gems/ruby-2.2.0@global/gems/web-console-2.0.0/lib/action_dispatch/templates/rescues/routing_error.html.erb within rescues/layout (109.8ms)


Started GET "/help_path" for ::1 at 2015-01-30 22:02:59 +0200

ActionController::RoutingError (No route matches [GET] "/help_path"):
  web-console (2.0.0) lib/action_dispatch/debug_exceptions.rb:22:in `middleware_call'
  web-console (2.0.0) lib/action_dispatch/debug_exceptions.rb:13:in `call'
  actionpack (4.2.0) lib/action_dispatch/middleware/show_exceptions.rb:30:in `call'
  railties (4.2.0) lib/rails/rack/logger.rb:38:in `call_app'
  railties (4.2.0) lib/rails/rack/logger.rb:20:in `block in call'
  activesupport (4.2.0) lib/active_support/tagged_logging.rb:68:in `block in tagged'
  activesupport (4.2.0) lib/active_support/tagged_logging.rb:26:in `tagged'
  activesupport (4.2.0) lib/active_support/tagged_logging.rb:68:in `tagged'
  railties (4.2.0) lib/rails/rack/logger.rb:20:in `call'
  actionpack (4.2.0) lib/action_dispatch/middleware/request_id.rb:21:in `call'
  rack (1.6.0) lib/rack/methodoverride.rb:22:in `call'
  rack (1.6.0) lib/rack/runtime.rb:18:in `call'
  activesupport (4.2.0) lib/active_support/cache/strategy/local_cache_middleware.rb:28:in `call'
  rack (1.6.0) lib/rack/lock.rb:17:in `call'
  actionpack (4.2.0) lib/action_dispatch/middleware/static.rb:113:in `call'
  rack (1.6.0) lib/rack/sendfile.rb:113:in `call'
  railties (4.2.0) lib/rails/engine.rb:518:in `call'
  railties (4.2.0) lib/rails/application.rb:164:in `call'
  rack (1.6.0) lib/rack/lock.rb:17:in `call'
  rack (1.6.0) lib/rack/content_length.rb:15:in `call'
  rack (1.6.0) lib/rack/handler/webrick.rb:89:in `service'
  /Users/Admin/.rvm/rubies/ruby-2.2.0/lib/ruby/2.2.0/webrick/httpserver.rb:138:in `service'
  /Users/Admin/.rvm/rubies/ruby-2.2.0/lib/ruby/2.2.0/webrick/httpserver.rb:94:in `run'
  /Users/Admin/.rvm/rubies/ruby-2.2.0/lib/ruby/2.2.0/webrick/server.rb:294:in `block in start_thread'


  Rendered /Users/Admin/.rvm/gems/ruby-2.2.0@global/gems/web-console-2.0.0/lib/action_dispatch/templates/rescues/_trace.html.erb (1.5ms)
  Rendered /Users/Admin/.rvm/gems/ruby-2.2.0@global/gems/web-console-2.0.0/lib/action_dispatch/templates/routes/_route.html.erb (0.8ms)
  Rendered /Users/Admin/.rvm/gems/ruby-2.2.0@global/gems/web-console-2.0.0/lib/action_dispatch/templates/routes/_table.html.erb (1.6ms)
  Rendered /Users/Admin/.rvm/gems/ruby-2.2.0@global/gems/web-console-2.0.0/lib/action_dispatch/templates/rescues/_request_and_response.html.erb (1.2ms)
  Rendered /Users/Admin/.rvm/gems/ruby-2.2.0@global/gems/web-console-2.0.0/lib/action_dispatch/templates/rescues/_web_console.html.erb (1.1ms)
  Rendered /Users/Admin/.rvm/gems/ruby-2.2.0@global/gems/web-console-2.0.0/lib/action_dispatch/templates/rescues/routing_error.html.erb within rescues/layout (106.0ms)


Started GET "/home_path" for ::1 at 2015-01-30 22:03:25 +0200

ActionController::RoutingError (No route matches [GET] "/home_path"):
  web-console (2.0.0) lib/action_dispatch/debug_exceptions.rb:22:in `middleware_call'
  web-console (2.0.0) lib/action_dispatch/debug_exceptions.rb:13:in `call'
  actionpack (4.2.0) lib/action_dispatch/middleware/show_exceptions.rb:30:in `call'
  railties (4.2.0) lib/rails/rack/logger.rb:38:in `call_app'
  railties (4.2.0) lib/rails/rack/logger.rb:20:in `block in call'
  activesupport (4.2.0) lib/active_support/tagged_logging.rb:68:in `block in tagged'
  activesupport (4.2.0) lib/active_support/tagged_logging.rb:26:in `tagged'
  activesupport (4.2.0) lib/active_support/tagged_logging.rb:68:in `tagged'
  railties (4.2.0) lib/rails/rack/logger.rb:20:in `call'
  actionpack (4.2.0) lib/action_dispatch/middleware/request_id.rb:21:in `call'
  rack (1.6.0) lib/rack/methodoverride.rb:22:in `call'
  rack (1.6.0) lib/rack/runtime.rb:18:in `call'
  activesupport (4.2.0) lib/active_support/cache/strategy/local_cache_middleware.rb:28:in `call'
  rack (1.6.0) lib/rack/lock.rb:17:in `call'
  actionpack (4.2.0) lib/action_dispatch/middleware/static.rb:113:in `call'
  rack (1.6.0) lib/rack/sendfile.rb:113:in `call'
  railties (4.2.0) lib/rails/engine.rb:518:in `call'
  railties (4.2.0) lib/rails/application.rb:164:in `call'
  rack (1.6.0) lib/rack/lock.rb:17:in `call'
  rack (1.6.0) lib/rack/content_length.rb:15:in `call'
  rack (1.6.0) lib/rack/handler/webrick.rb:89:in `service'
  /Users/Admin/.rvm/rubies/ruby-2.2.0/lib/ruby/2.2.0/webrick/httpserver.rb:138:in `service'
  /Users/Admin/.rvm/rubies/ruby-2.2.0/lib/ruby/2.2.0/webrick/httpserver.rb:94:in `run'
  /Users/Admin/.rvm/rubies/ruby-2.2.0/lib/ruby/2.2.0/webrick/server.rb:294:in `block in start_thread'


  Rendered /Users/Admin/.rvm/gems/ruby-2.2.0@global/gems/web-console-2.0.0/lib/action_dispatch/templates/rescues/_trace.html.erb (1.4ms)
  Rendered /Users/Admin/.rvm/gems/ruby-2.2.0@global/gems/web-console-2.0.0/lib/action_dispatch/templates/routes/_route.html.erb (1.1ms)
  Rendered /Users/Admin/.rvm/gems/ruby-2.2.0@global/gems/web-console-2.0.0/lib/action_dispatch/templates/routes/_table.html.erb (1.3ms)
  Rendered /Users/Admin/.rvm/gems/ruby-2.2.0@global/gems/web-console-2.0.0/lib/action_dispatch/templates/rescues/_request_and_response.html.erb (1.6ms)
  Rendered /Users/Admin/.rvm/gems/ruby-2.2.0@global/gems/web-console-2.0.0/lib/action_dispatch/templates/rescues/_web_console.html.erb (1.1ms)
  Rendered /Users/Admin/.rvm/gems/ruby-2.2.0@global/gems/web-console-2.0.0/lib/action_dispatch/templates/rescues/routing_error.html.erb within rescues/layout (109.5ms)


Started GET "/home_path" for ::1 at 2015-01-30 22:03:25 +0200

ActionController::RoutingError (No route matches [GET] "/home_path"):
  web-console (2.0.0) lib/action_dispatch/debug_exceptions.rb:22:in `middleware_call'
  web-console (2.0.0) lib/action_dispatch/debug_exceptions.rb:13:in `call'
  actionpack (4.2.0) lib/action_dispatch/middleware/show_exceptions.rb:30:in `call'
  railties (4.2.0) lib/rails/rack/logger.rb:38:in `call_app'
  railties (4.2.0) lib/rails/rack/logger.rb:20:in `block in call'
  activesupport (4.2.0) lib/active_support/tagged_logging.rb:68:in `block in tagged'
  activesupport (4.2.0) lib/active_support/tagged_logging.rb:26:in `tagged'
  activesupport (4.2.0) lib/active_support/tagged_logging.rb:68:in `tagged'
  railties (4.2.0) lib/rails/rack/logger.rb:20:in `call'
  actionpack (4.2.0) lib/action_dispatch/middleware/request_id.rb:21:in `call'
  rack (1.6.0) lib/rack/methodoverride.rb:22:in `call'
  rack (1.6.0) lib/rack/runtime.rb:18:in `call'
  activesupport (4.2.0) lib/active_support/cache/strategy/local_cache_middleware.rb:28:in `call'
  rack (1.6.0) lib/rack/lock.rb:17:in `call'
  actionpack (4.2.0) lib/action_dispatch/middleware/static.rb:113:in `call'
  rack (1.6.0) lib/rack/sendfile.rb:113:in `call'
  railties (4.2.0) lib/rails/engine.rb:518:in `call'
  railties (4.2.0) lib/rails/application.rb:164:in `call'
  rack (1.6.0) lib/rack/lock.rb:17:in `call'
  rack (1.6.0) lib/rack/content_length.rb:15:in `call'
  rack (1.6.0) lib/rack/handler/webrick.rb:89:in `service'
  /Users/Admin/.rvm/rubies/ruby-2.2.0/lib/ruby/2.2.0/webrick/httpserver.rb:138:in `service'
  /Users/Admin/.rvm/rubies/ruby-2.2.0/lib/ruby/2.2.0/webrick/httpserver.rb:94:in `run'
  /Users/Admin/.rvm/rubies/ruby-2.2.0/lib/ruby/2.2.0/webrick/server.rb:294:in `block in start_thread'


  Rendered /Users/Admin/.rvm/gems/ruby-2.2.0@global/gems/web-console-2.0.0/lib/action_dispatch/templates/rescues/_trace.html.erb (1.5ms)
  Rendered /Users/Admin/.rvm/gems/ruby-2.2.0@global/gems/web-console-2.0.0/lib/action_dispatch/templates/routes/_route.html.erb (0.9ms)
  Rendered /Users/Admin/.rvm/gems/ruby-2.2.0@global/gems/web-console-2.0.0/lib/action_dispatch/templates/routes/_table.html.erb (1.6ms)
  Rendered /Users/Admin/.rvm/gems/ruby-2.2.0@global/gems/web-console-2.0.0/lib/action_dispatch/templates/rescues/_request_and_response.html.erb (1.3ms)
  Rendered /Users/Admin/.rvm/gems/ruby-2.2.0@global/gems/web-console-2.0.0/lib/action_dispatch/templates/rescues/_web_console.html.erb (1.3ms)
  Rendered /Users/Admin/.rvm/gems/ruby-2.2.0@global/gems/web-console-2.0.0/lib/action_dispatch/templates/rescues/routing_error.html.erb within rescues/layout (109.9ms)


Started GET "/contact_path" for ::1 at 2015-01-30 22:03:44 +0200

ActionController::RoutingError (No route matches [GET] "/contact_path"):
  web-console (2.0.0) lib/action_dispatch/debug_exceptions.rb:22:in `middleware_call'
  web-console (2.0.0) lib/action_dispatch/debug_exceptions.rb:13:in `call'
  actionpack (4.2.0) lib/action_dispatch/middleware/show_exceptions.rb:30:in `call'
  railties (4.2.0) lib/rails/rack/logger.rb:38:in `call_app'
  railties (4.2.0) lib/rails/rack/logger.rb:20:in `block in call'
  activesupport (4.2.0) lib/active_support/tagged_logging.rb:68:in `block in tagged'
  activesupport (4.2.0) lib/active_support/tagged_logging.rb:26:in `tagged'
  activesupport (4.2.0) lib/active_support/tagged_logging.rb:68:in `tagged'
  railties (4.2.0) lib/rails/rack/logger.rb:20:in `call'
  actionpack (4.2.0) lib/action_dispatch/middleware/request_id.rb:21:in `call'
  rack (1.6.0) lib/rack/methodoverride.rb:22:in `call'
  rack (1.6.0) lib/rack/runtime.rb:18:in `call'
  activesupport (4.2.0) lib/active_support/cache/strategy/local_cache_middleware.rb:28:in `call'
  rack (1.6.0) lib/rack/lock.rb:17:in `call'
  actionpack (4.2.0) lib/action_dispatch/middleware/static.rb:113:in `call'
  rack (1.6.0) lib/rack/sendfile.rb:113:in `call'
  railties (4.2.0) lib/rails/engine.rb:518:in `call'
  railties (4.2.0) lib/rails/application.rb:164:in `call'
  rack (1.6.0) lib/rack/lock.rb:17:in `call'
  rack (1.6.0) lib/rack/content_length.rb:15:in `call'
  rack (1.6.0) lib/rack/handler/webrick.rb:89:in `service'
  /Users/Admin/.rvm/rubies/ruby-2.2.0/lib/ruby/2.2.0/webrick/httpserver.rb:138:in `service'
  /Users/Admin/.rvm/rubies/ruby-2.2.0/lib/ruby/2.2.0/webrick/httpserver.rb:94:in `run'
  /Users/Admin/.rvm/rubies/ruby-2.2.0/lib/ruby/2.2.0/webrick/server.rb:294:in `block in start_thread'


  Rendered /Users/Admin/.rvm/gems/ruby-2.2.0@global/gems/web-console-2.0.0/lib/action_dispatch/templates/rescues/_trace.html.erb (1.5ms)
  Rendered /Users/Admin/.rvm/gems/ruby-2.2.0@global/gems/web-console-2.0.0/lib/action_dispatch/templates/routes/_route.html.erb (1.1ms)
  Rendered /Users/Admin/.rvm/gems/ruby-2.2.0@global/gems/web-console-2.0.0/lib/action_dispatch/templates/routes/_table.html.erb (1.6ms)
  Rendered /Users/Admin/.rvm/gems/ruby-2.2.0@global/gems/web-console-2.0.0/lib/action_dispatch/templates/rescues/_request_and_response.html.erb (1.3ms)
  Rendered /Users/Admin/.rvm/gems/ruby-2.2.0@global/gems/web-console-2.0.0/lib/action_dispatch/templates/rescues/_web_console.html.erb (1.1ms)
  Rendered /Users/Admin/.rvm/gems/ruby-2.2.0@global/gems/web-console-2.0.0/lib/action_dispatch/templates/rescues/routing_error.html.erb within rescues/layout (109.8ms)


Started GET "/contact_path" for ::1 at 2015-01-30 22:03:44 +0200

ActionController::RoutingError (No route matches [GET] "/contact_path"):
  web-console (2.0.0) lib/action_dispatch/debug_exceptions.rb:22:in `middleware_call'
  web-console (2.0.0) lib/action_dispatch/debug_exceptions.rb:13:in `call'
  actionpack (4.2.0) lib/action_dispatch/middleware/show_exceptions.rb:30:in `call'
  railties (4.2.0) lib/rails/rack/logger.rb:38:in `call_app'
  railties (4.2.0) lib/rails/rack/logger.rb:20:in `block in call'
  activesupport (4.2.0) lib/active_support/tagged_logging.rb:68:in `block in tagged'
  activesupport (4.2.0) lib/active_support/tagged_logging.rb:26:in `tagged'
  activesupport (4.2.0) lib/active_support/tagged_logging.rb:68:in `tagged'
  railties (4.2.0) lib/rails/rack/logger.rb:20:in `call'
  actionpack (4.2.0) lib/action_dispatch/middleware/request_id.rb:21:in `call'
  rack (1.6.0) lib/rack/methodoverride.rb:22:in `call'
  rack (1.6.0) lib/rack/runtime.rb:18:in `call'
  activesupport (4.2.0) lib/active_support/cache/strategy/local_cache_middleware.rb:28:in `call'
  rack (1.6.0) lib/rack/lock.rb:17:in `call'
  actionpack (4.2.0) lib/action_dispatch/middleware/static.rb:113:in `call'
  rack (1.6.0) lib/rack/sendfile.rb:113:in `call'
  railties (4.2.0) lib/rails/engine.rb:518:in `call'
  railties (4.2.0) lib/rails/application.rb:164:in `call'
  rack (1.6.0) lib/rack/lock.rb:17:in `call'
  rack (1.6.0) lib/rack/content_length.rb:15:in `call'
  rack (1.6.0) lib/rack/handler/webrick.rb:89:in `service'
  /Users/Admin/.rvm/rubies/ruby-2.2.0/lib/ruby/2.2.0/webrick/httpserver.rb:138:in `service'
  /Users/Admin/.rvm/rubies/ruby-2.2.0/lib/ruby/2.2.0/webrick/httpserver.rb:94:in `run'
  /Users/Admin/.rvm/rubies/ruby-2.2.0/lib/ruby/2.2.0/webrick/server.rb:294:in `block in start_thread'


  Rendered /Users/Admin/.rvm/gems/ruby-2.2.0@global/gems/web-console-2.0.0/lib/action_dispatch/templates/rescues/_trace.html.erb (1.7ms)
  Rendered /Users/Admin/.rvm/gems/ruby-2.2.0@global/gems/web-console-2.0.0/lib/action_dispatch/templates/routes/_route.html.erb (0.9ms)
  Rendered /Users/Admin/.rvm/gems/ruby-2.2.0@global/gems/web-console-2.0.0/lib/action_dispatch/templates/routes/_table.html.erb (1.7ms)
  Rendered /Users/Admin/.rvm/gems/ruby-2.2.0@global/gems/web-console-2.0.0/lib/action_dispatch/templates/rescues/_request_and_response.html.erb (1.6ms)
  Rendered /Users/Admin/.rvm/gems/ruby-2.2.0@global/gems/web-console-2.0.0/lib/action_dispatch/templates/rescues/_web_console.html.erb (1.1ms)
  Rendered /Users/Admin/.rvm/gems/ruby-2.2.0@global/gems/web-console-2.0.0/lib/action_dispatch/templates/rescues/routing_error.html.erb within rescues/layout (107.4ms)


Started GET "/" for ::1 at 2015-01-30 22:05:26 +0200
Processing by StaticPagesController#home as HTML
  Rendered static_pages/home.html.erb within layouts/application (0.3ms)
  Rendered layouts/_shim.html.erb (0.1ms)
  Rendered layouts/_header.html.erb (19.1ms)
Completed 500 Internal Server Error in 92ms

ActionView::Template::Error (undefined local variable or method `home_path' for #<#<Class:0x007f8ab40dbda8>:0x007f8aaa6ac520>):
    4:       <%= link_to "sample app", 'root_path', id: "logo" %>
    5:       <nav>
    6:         <ul class="nav pull-right">
    7:           <li><%= link_to "Home",    home_path %></li>
    8:           <li><%= link_to "Help",    help_path %></li>
    9:           <li><%= link_to "Sign in", '#' %></li>
   10:         </ul>
  app/views/layouts/_header.html.erb:7:in `_app_views_layouts__header_html_erb___4192172832643511_70116838824340'
  app/views/layouts/application.html.erb:12:in `_app_views_layouts_application_html_erb__4119711028792963782_70116814396780'


  Rendered /Users/Admin/.rvm/gems/ruby-2.2.0@global/gems/web-console-2.0.0/lib/action_dispatch/templates/rescues/_source.erb (8.5ms)
  Rendered /Users/Admin/.rvm/gems/ruby-2.2.0@global/gems/web-console-2.0.0/lib/action_dispatch/templates/rescues/_trace.html.erb (3.5ms)
  Rendered /Users/Admin/.rvm/gems/ruby-2.2.0@global/gems/web-console-2.0.0/lib/action_dispatch/templates/rescues/_request_and_response.html.erb (1.0ms)
  Rendered /Users/Admin/.rvm/gems/ruby-2.2.0@global/gems/web-console-2.0.0/lib/action_dispatch/templates/rescues/_web_console.html.erb (1.1ms)
  Rendered /Users/Admin/.rvm/gems/ruby-2.2.0@global/gems/web-console-2.0.0/lib/action_dispatch/templates/rescues/template_error.html.erb within rescues/layout (97.9ms)


Started GET "/" for ::1 at 2015-01-30 22:05:38 +0200
Processing by StaticPagesController#home as HTML
  Rendered static_pages/home.html.erb within layouts/application (0.4ms)
  Rendered layouts/_shim.html.erb (0.0ms)
  Rendered layouts/_header.html.erb (16.0ms)
Completed 500 Internal Server Error in 91ms

ActionView::Template::Error (undefined local variable or method `home_path' for #<#<Class:0x007f8ab40dbda8>:0x007f8aaccb8e58>):
    4:       <%= link_to "sample app", 'root_path', id: "logo" %>
    5:       <nav>
    6:         <ul class="nav pull-right">
    7:           <li><%= link_to "Home",    home_path %></li>
    8:           <li><%= link_to "Help",    help_path %></li>
    9:           <li><%= link_to "Sign in", '#' %></li>
   10:         </ul>
  app/views/layouts/_header.html.erb:7:in `_app_views_layouts__header_html_erb___4192172832643511_70116838824340'
  app/views/layouts/application.html.erb:12:in `_app_views_layouts_application_html_erb__4119711028792963782_70116814396780'


  Rendered /Users/Admin/.rvm/gems/ruby-2.2.0@global/gems/web-console-2.0.0/lib/action_dispatch/templates/rescues/_source.erb (10.7ms)
  Rendered /Users/Admin/.rvm/gems/ruby-2.2.0@global/gems/web-console-2.0.0/lib/action_dispatch/templates/rescues/_trace.html.erb (3.6ms)
  Rendered /Users/Admin/.rvm/gems/ruby-2.2.0@global/gems/web-console-2.0.0/lib/action_dispatch/templates/rescues/_request_and_response.html.erb (1.1ms)
  Rendered /Users/Admin/.rvm/gems/ruby-2.2.0@global/gems/web-console-2.0.0/lib/action_dispatch/templates/rescues/_web_console.html.erb (1.3ms)
  Rendered /Users/Admin/.rvm/gems/ruby-2.2.0@global/gems/web-console-2.0.0/lib/action_dispatch/templates/rescues/template_error.html.erb within rescues/layout (105.0ms)


Started GET "/" for ::1 at 2015-01-30 22:06:09 +0200
Processing by StaticPagesController#home as HTML
  Rendered static_pages/home.html.erb within layouts/application (0.3ms)
  Rendered layouts/_shim.html.erb (0.1ms)
  Rendered layouts/_header.html.erb (1.0ms)
  Rendered layouts/_footer.html.erb (0.6ms)
Completed 200 OK in 85ms (Views: 84.8ms | ActiveRecord: 0.0ms)


Started GET "/assets/custom-90912d957541a48f3ba32d9b633e8324.css?body=1" for ::1 at 2015-01-30 22:06:09 +0200


Started GET "/assets/static_pages-64e62ddc273c2f5847f30d698ca14b67.css?body=1" for ::1 at 2015-01-30 22:06:09 +0200


Started GET "/assets/application-09c73815462767fad1062905f9d52cb1.css?body=1" for ::1 at 2015-01-30 22:06:09 +0200


Started GET "/assets/jquery-87424c3c19e96d4fb033c10ebe21ec40.js?body=1" for ::1 at 2015-01-30 22:06:09 +0200


Started GET "/assets/static_pages-fcec5b5a277ac7c20cc9f45a209a3bcd.js?body=1" for ::1 at 2015-01-30 22:06:09 +0200


Started GET "/assets/jquery_ujs-e27bd20a10d28155845a22d71ef94f2f.js?body=1" for ::1 at 2015-01-30 22:06:09 +0200


Started GET "/assets/turbolinks-686d2bf7d9d383528c901c64187a8c31.js?body=1" for ::1 at 2015-01-30 22:06:09 +0200


Started GET "/assets/application-e93ffa4c2db8481b68b569045c04c777.js?body=1" for ::1 at 2015-01-30 22:06:09 +0200


Started GET "/assets/rails-8f29b3579131c7fae6075f4524732463.png" for ::1 at 2015-01-30 22:06:09 +0200


Started GET "/help" for ::1 at 2015-01-30 22:06:11 +0200
Processing by StaticPagesController#help as HTML
  Rendered static_pages/help.html.erb within layouts/application (0.5ms)
  Rendered layouts/_shim.html.erb (0.1ms)
  Rendered layouts/_header.html.erb (1.4ms)
  Rendered layouts/_footer.html.erb (0.6ms)
Completed 200 OK in 84ms (Views: 83.3ms | ActiveRecord: 0.0ms)


Started GET "/help" for ::1 at 2015-01-30 22:06:14 +0200
Processing by StaticPagesController#help as HTML
  Rendered static_pages/help.html.erb within layouts/application (0.1ms)
  Rendered layouts/_shim.html.erb (0.1ms)
  Rendered layouts/_header.html.erb (0.3ms)
  Rendered layouts/_footer.html.erb (0.2ms)
Completed 200 OK in 92ms (Views: 91.6ms | ActiveRecord: 0.0ms)


Started GET "/" for ::1 at 2015-01-30 22:06:14 +0200
Processing by StaticPagesController#home as HTML
  Rendered static_pages/home.html.erb within layouts/application (0.3ms)
  Rendered layouts/_shim.html.erb (0.0ms)
  Rendered layouts/_header.html.erb (0.2ms)
  Rendered layouts/_footer.html.erb (0.1ms)
Completed 200 OK in 89ms (Views: 88.9ms | ActiveRecord: 0.0ms)


Started GET "/about" for ::1 at 2015-01-30 22:06:17 +0200
Processing by StaticPagesController#about as HTML
  Rendered static_pages/about.html.erb within layouts/application (0.5ms)
  Rendered layouts/_shim.html.erb (0.1ms)
  Rendered layouts/_header.html.erb (0.3ms)
  Rendered layouts/_footer.html.erb (0.2ms)
Completed 200 OK in 88ms (Views: 87.8ms | ActiveRecord: 0.0ms)


Started GET "/contact" for ::1 at 2015-01-30 22:06:19 +0200
Processing by StaticPagesController#contact as HTML
  Rendered static_pages/contact.html.erb within layouts/application (0.4ms)
  Rendered layouts/_shim.html.erb (0.0ms)
  Rendered layouts/_header.html.erb (0.3ms)
  Rendered layouts/_footer.html.erb (0.2ms)
Completed 200 OK in 96ms (Views: 95.9ms | ActiveRecord: 0.0ms)


Started GET "/about" for ::1 at 2015-01-30 22:06:20 +0200
Processing by StaticPagesController#about as HTML
  Rendered static_pages/about.html.erb within layouts/application (0.2ms)
  Rendered layouts/_shim.html.erb (0.0ms)
  Rendered layouts/_header.html.erb (0.2ms)
  Rendered layouts/_footer.html.erb (0.3ms)
Completed 200 OK in 81ms (Views: 80.3ms | ActiveRecord: 0.0ms)


Started GET "/contact" for ::1 at 2015-01-30 22:06:21 +0200
Processing by StaticPagesController#contact as HTML
  Rendered static_pages/contact.html.erb within layouts/application (0.1ms)
  Rendered layouts/_shim.html.erb (0.0ms)
  Rendered layouts/_header.html.erb (0.5ms)
  Rendered layouts/_footer.html.erb (0.2ms)
Completed 200 OK in 83ms (Views: 82.3ms | ActiveRecord: 0.0ms)


Started GET "/about" for ::1 at 2015-01-30 22:06:22 +0200
Processing by StaticPagesController#about as HTML
  Rendered static_pages/about.html.erb within layouts/application (0.1ms)
  Rendered layouts/_shim.html.erb (0.0ms)
  Rendered layouts/_header.html.erb (0.4ms)
  Rendered layouts/_footer.html.erb (0.3ms)
Completed 200 OK in 78ms (Views: 77.0ms | ActiveRecord: 0.0ms)


Started GET "/contact" for ::1 at 2015-01-30 22:06:24 +0200
Processing by StaticPagesController#contact as HTML
  Rendered static_pages/contact.html.erb within layouts/application (0.1ms)
  Rendered layouts/_shim.html.erb (0.0ms)
  Rendered layouts/_header.html.erb (0.3ms)
  Rendered layouts/_footer.html.erb (0.4ms)
Completed 200 OK in 80ms (Views: 79.5ms | ActiveRecord: 0.0ms)


Started GET "/root_path" for ::1 at 2015-01-30 22:06:24 +0200

ActionController::RoutingError (No route matches [GET] "/root_path"):
  web-console (2.0.0) lib/action_dispatch/debug_exceptions.rb:22:in `middleware_call'
  web-console (2.0.0) lib/action_dispatch/debug_exceptions.rb:13:in `call'
  actionpack (4.2.0) lib/action_dispatch/middleware/show_exceptions.rb:30:in `call'
  railties (4.2.0) lib/rails/rack/logger.rb:38:in `call_app'
  railties (4.2.0) lib/rails/rack/logger.rb:20:in `block in call'
  activesupport (4.2.0) lib/active_support/tagged_logging.rb:68:in `block in tagged'
  activesupport (4.2.0) lib/active_support/tagged_logging.rb:26:in `tagged'
  activesupport (4.2.0) lib/active_support/tagged_logging.rb:68:in `tagged'
  railties (4.2.0) lib/rails/rack/logger.rb:20:in `call'
  actionpack (4.2.0) lib/action_dispatch/middleware/request_id.rb:21:in `call'
  rack (1.6.0) lib/rack/methodoverride.rb:22:in `call'
  rack (1.6.0) lib/rack/runtime.rb:18:in `call'
  activesupport (4.2.0) lib/active_support/cache/strategy/local_cache_middleware.rb:28:in `call'
  rack (1.6.0) lib/rack/lock.rb:17:in `call'
  actionpack (4.2.0) lib/action_dispatch/middleware/static.rb:113:in `call'
  rack (1.6.0) lib/rack/sendfile.rb:113:in `call'
  railties (4.2.0) lib/rails/engine.rb:518:in `call'
  railties (4.2.0) lib/rails/application.rb:164:in `call'
  rack (1.6.0) lib/rack/lock.rb:17:in `call'
  rack (1.6.0) lib/rack/content_length.rb:15:in `call'
  rack (1.6.0) lib/rack/handler/webrick.rb:89:in `service'
  /Users/Admin/.rvm/rubies/ruby-2.2.0/lib/ruby/2.2.0/webrick/httpserver.rb:138:in `service'
  /Users/Admin/.rvm/rubies/ruby-2.2.0/lib/ruby/2.2.0/webrick/httpserver.rb:94:in `run'
  /Users/Admin/.rvm/rubies/ruby-2.2.0/lib/ruby/2.2.0/webrick/server.rb:294:in `block in start_thread'


  Rendered /Users/Admin/.rvm/gems/ruby-2.2.0@global/gems/web-console-2.0.0/lib/action_dispatch/templates/rescues/_trace.html.erb (1.7ms)
  Rendered /Users/Admin/.rvm/gems/ruby-2.2.0@global/gems/web-console-2.0.0/lib/action_dispatch/templates/routes/_route.html.erb (0.8ms)
  Rendered /Users/Admin/.rvm/gems/ruby-2.2.0@global/gems/web-console-2.0.0/lib/action_dispatch/templates/routes/_table.html.erb (1.4ms)
  Rendered /Users/Admin/.rvm/gems/ruby-2.2.0@global/gems/web-console-2.0.0/lib/action_dispatch/templates/rescues/_request_and_response.html.erb (1.7ms)
  Rendered /Users/Admin/.rvm/gems/ruby-2.2.0@global/gems/web-console-2.0.0/lib/action_dispatch/templates/rescues/_web_console.html.erb (1.1ms)
  Rendered /Users/Admin/.rvm/gems/ruby-2.2.0@global/gems/web-console-2.0.0/lib/action_dispatch/templates/rescues/routing_error.html.erb within rescues/layout (111.1ms)


Started GET "/root_path" for ::1 at 2015-01-30 22:06:25 +0200

ActionController::RoutingError (No route matches [GET] "/root_path"):
  web-console (2.0.0) lib/action_dispatch/debug_exceptions.rb:22:in `middleware_call'
  web-console (2.0.0) lib/action_dispatch/debug_exceptions.rb:13:in `call'
  actionpack (4.2.0) lib/action_dispatch/middleware/show_exceptions.rb:30:in `call'
  railties (4.2.0) lib/rails/rack/logger.rb:38:in `call_app'
  railties (4.2.0) lib/rails/rack/logger.rb:20:in `block in call'
  activesupport (4.2.0) lib/active_support/tagged_logging.rb:68:in `block in tagged'
  activesupport (4.2.0) lib/active_support/tagged_logging.rb:26:in `tagged'
  activesupport (4.2.0) lib/active_support/tagged_logging.rb:68:in `tagged'
  railties (4.2.0) lib/rails/rack/logger.rb:20:in `call'
  actionpack (4.2.0) lib/action_dispatch/middleware/request_id.rb:21:in `call'
  rack (1.6.0) lib/rack/methodoverride.rb:22:in `call'
  rack (1.6.0) lib/rack/runtime.rb:18:in `call'
  activesupport (4.2.0) lib/active_support/cache/strategy/local_cache_middleware.rb:28:in `call'
  rack (1.6.0) lib/rack/lock.rb:17:in `call'
  actionpack (4.2.0) lib/action_dispatch/middleware/static.rb:113:in `call'
  rack (1.6.0) lib/rack/sendfile.rb:113:in `call'
  railties (4.2.0) lib/rails/engine.rb:518:in `call'
  railties (4.2.0) lib/rails/application.rb:164:in `call'
  rack (1.6.0) lib/rack/lock.rb:17:in `call'
  rack (1.6.0) lib/rack/content_length.rb:15:in `call'
  rack (1.6.0) lib/rack/handler/webrick.rb:89:in `service'
  /Users/Admin/.rvm/rubies/ruby-2.2.0/lib/ruby/2.2.0/webrick/httpserver.rb:138:in `service'
  /Users/Admin/.rvm/rubies/ruby-2.2.0/lib/ruby/2.2.0/webrick/httpserver.rb:94:in `run'
  /Users/Admin/.rvm/rubies/ruby-2.2.0/lib/ruby/2.2.0/webrick/server.rb:294:in `block in start_thread'


  Rendered /Users/Admin/.rvm/gems/ruby-2.2.0@global/gems/web-console-2.0.0/lib/action_dispatch/templates/rescues/_trace.html.erb (1.7ms)
  Rendered /Users/Admin/.rvm/gems/ruby-2.2.0@global/gems/web-console-2.0.0/lib/action_dispatch/templates/routes/_route.html.erb (1.0ms)
  Rendered /Users/Admin/.rvm/gems/ruby-2.2.0@global/gems/web-console-2.0.0/lib/action_dispatch/templates/routes/_table.html.erb (1.4ms)
  Rendered /Users/Admin/.rvm/gems/ruby-2.2.0@global/gems/web-console-2.0.0/lib/action_dispatch/templates/rescues/_request_and_response.html.erb (1.3ms)
  Rendered /Users/Admin/.rvm/gems/ruby-2.2.0@global/gems/web-console-2.0.0/lib/action_dispatch/templates/rescues/_web_console.html.erb (1.1ms)
  Rendered /Users/Admin/.rvm/gems/ruby-2.2.0@global/gems/web-console-2.0.0/lib/action_dispatch/templates/rescues/routing_error.html.erb within rescues/layout (107.1ms)


Started GET "/contact" for ::1 at 2015-01-30 22:07:14 +0200
Processing by StaticPagesController#contact as HTML
  Rendered static_pages/contact.html.erb within layouts/application (0.5ms)
  Rendered layouts/_shim.html.erb (0.1ms)
  Rendered layouts/_header.html.erb (0.7ms)
  Rendered layouts/_footer.html.erb (0.1ms)
Completed 200 OK in 73ms (Views: 72.5ms | ActiveRecord: 0.0ms)


Started GET "/assets/custom-90912d957541a48f3ba32d9b633e8324.css?body=1" for ::1 at 2015-01-30 22:07:15 +0200


Started GET "/assets/application-09c73815462767fad1062905f9d52cb1.css?body=1" for ::1 at 2015-01-30 22:07:15 +0200


Started GET "/assets/static_pages-64e62ddc273c2f5847f30d698ca14b67.css?body=1" for ::1 at 2015-01-30 22:07:15 +0200


Started GET "/assets/jquery-87424c3c19e96d4fb033c10ebe21ec40.js?body=1" for ::1 at 2015-01-30 22:07:15 +0200


Started GET "/assets/static_pages-fcec5b5a277ac7c20cc9f45a209a3bcd.js?body=1" for ::1 at 2015-01-30 22:07:15 +0200


Started GET "/assets/turbolinks-686d2bf7d9d383528c901c64187a8c31.js?body=1" for ::1 at 2015-01-30 22:07:15 +0200


Started GET "/assets/jquery_ujs-e27bd20a10d28155845a22d71ef94f2f.js?body=1" for ::1 at 2015-01-30 22:07:15 +0200


Started GET "/assets/application-e93ffa4c2db8481b68b569045c04c777.js?body=1" for ::1 at 2015-01-30 22:07:15 +0200


Started GET "/contact" for ::1 at 2015-01-30 22:07:16 +0200
Processing by StaticPagesController#contact as HTML
  Rendered static_pages/contact.html.erb within layouts/application (0.1ms)
  Rendered layouts/_shim.html.erb (0.0ms)
  Rendered layouts/_header.html.erb (0.3ms)
  Rendered layouts/_footer.html.erb (0.2ms)
Completed 200 OK in 69ms (Views: 68.7ms | ActiveRecord: 0.0ms)


Started GET "/assets/application-09c73815462767fad1062905f9d52cb1.css?body=1" for ::1 at 2015-01-30 22:07:16 +0200


Started GET "/assets/custom-90912d957541a48f3ba32d9b633e8324.css?body=1" for ::1 at 2015-01-30 22:07:16 +0200


Started GET "/assets/jquery_ujs-e27bd20a10d28155845a22d71ef94f2f.js?body=1" for ::1 at 2015-01-30 22:07:16 +0200


Started GET "/assets/static_pages-64e62ddc273c2f5847f30d698ca14b67.css?body=1" for ::1 at 2015-01-30 22:07:16 +0200


Started GET "/assets/jquery-87424c3c19e96d4fb033c10ebe21ec40.js?body=1" for ::1 at 2015-01-30 22:07:16 +0200


Started GET "/assets/turbolinks-686d2bf7d9d383528c901c64187a8c31.js?body=1" for ::1 at 2015-01-30 22:07:16 +0200


Started GET "/assets/static_pages-fcec5b5a277ac7c20cc9f45a209a3bcd.js?body=1" for ::1 at 2015-01-30 22:07:16 +0200


Started GET "/assets/application-e93ffa4c2db8481b68b569045c04c777.js?body=1" for ::1 at 2015-01-30 22:07:16 +0200


Started GET "/" for ::1 at 2015-01-30 22:07:17 +0200
Processing by StaticPagesController#home as HTML
  Rendered static_pages/home.html.erb within layouts/application (0.3ms)
  Rendered layouts/_shim.html.erb (0.1ms)
  Rendered layouts/_header.html.erb (0.9ms)
  Rendered layouts/_footer.html.erb (0.3ms)
Completed 200 OK in 85ms (Views: 84.6ms | ActiveRecord: 0.0ms)


Started GET "/assets/rails-8f29b3579131c7fae6075f4524732463.png" for ::1 at 2015-01-30 22:07:17 +0200


Started GET "/" for ::1 at 2015-01-30 22:07:18 +0200
Processing by StaticPagesController#home as HTML
  Rendered static_pages/home.html.erb within layouts/application (0.4ms)
  Rendered layouts/_shim.html.erb (0.1ms)
  Rendered layouts/_header.html.erb (0.3ms)
  Rendered layouts/_footer.html.erb (0.2ms)
Completed 200 OK in 82ms (Views: 81.9ms | ActiveRecord: 0.0ms)


Started GET "/help" for ::1 at 2015-01-30 22:07:19 +0200
Processing by StaticPagesController#help as HTML
  Rendered static_pages/help.html.erb within layouts/application (0.1ms)
  Rendered layouts/_shim.html.erb (0.0ms)
  Rendered layouts/_header.html.erb (0.5ms)
  Rendered layouts/_footer.html.erb (0.2ms)
Completed 200 OK in 74ms (Views: 74.0ms | ActiveRecord: 0.0ms)


Started GET "/" for ::1 at 2015-01-30 22:07:21 +0200
Processing by StaticPagesController#home as HTML
  Rendered static_pages/home.html.erb within layouts/application (0.3ms)
  Rendered layouts/_shim.html.erb (0.0ms)
  Rendered layouts/_header.html.erb (0.3ms)
  Rendered layouts/_footer.html.erb (0.2ms)
Completed 200 OK in 86ms (Views: 85.3ms | ActiveRecord: 0.0ms)


Started GET "/about" for ::1 at 2015-01-30 22:07:22 +0200
Processing by StaticPagesController#about as HTML
  Rendered static_pages/about.html.erb within layouts/application (0.1ms)
  Rendered layouts/_shim.html.erb (0.1ms)
  Rendered layouts/_header.html.erb (0.3ms)
  Rendered layouts/_footer.html.erb (0.2ms)
Completed 200 OK in 90ms (Views: 89.3ms | ActiveRecord: 0.0ms)


Started GET "/contact" for ::1 at 2015-01-30 22:07:23 +0200
Processing by StaticPagesController#contact as HTML
  Rendered static_pages/contact.html.erb within layouts/application (0.1ms)
  Rendered layouts/_shim.html.erb (0.1ms)
  Rendered layouts/_header.html.erb (0.3ms)
  Rendered layouts/_footer.html.erb (0.1ms)
Completed 200 OK in 87ms (Views: 86.5ms | ActiveRecord: 0.0ms)


Started GET "/" for ::1 at 2015-01-30 22:07:24 +0200
Processing by StaticPagesController#home as HTML
  Rendered static_pages/home.html.erb within layouts/application (0.4ms)
  Rendered layouts/_shim.html.erb (0.1ms)
  Rendered layouts/_header.html.erb (0.9ms)
  Rendered layouts/_footer.html.erb (0.2ms)
Completed 200 OK in 101ms (Views: 100.4ms | ActiveRecord: 0.0ms)


Started GET "/" for ::1 at 2015-01-30 22:14:47 +0200
Processing by StaticPagesController#home as HTML
  Rendered static_pages/home.html.erb within layouts/application (1.1ms)
  Rendered layouts/_shim.html.erb (0.1ms)
  Rendered layouts/_header.html.erb (1.4ms)
  Rendered layouts/_footer.html.erb (0.2ms)
Completed 200 OK in 270ms (Views: 269.5ms | ActiveRecord: 0.0ms)


Started GET "/assets/custom-90912d957541a48f3ba32d9b633e8324.css?body=1" for ::1 at 2015-01-30 22:14:47 +0200


Started GET "/assets/users-64e62ddc273c2f5847f30d698ca14b67.css?body=1" for ::1 at 2015-01-30 22:14:47 +0200


Started GET "/assets/static_pages-64e62ddc273c2f5847f30d698ca14b67.css?body=1" for ::1 at 2015-01-30 22:14:47 +0200


Started GET "/assets/turbolinks-686d2bf7d9d383528c901c64187a8c31.js?body=1" for ::1 at 2015-01-30 22:14:47 +0200


Started GET "/assets/application-09c73815462767fad1062905f9d52cb1.css?body=1" for ::1 at 2015-01-30 22:14:47 +0200


Started GET "/assets/jquery-87424c3c19e96d4fb033c10ebe21ec40.js?body=1" for ::1 at 2015-01-30 22:14:47 +0200


Started GET "/assets/jquery_ujs-e27bd20a10d28155845a22d71ef94f2f.js?body=1" for ::1 at 2015-01-30 22:14:47 +0200


Started GET "/assets/static_pages-fcec5b5a277ac7c20cc9f45a209a3bcd.js?body=1" for ::1 at 2015-01-30 22:14:47 +0200


Started GET "/assets/users-fcec5b5a277ac7c20cc9f45a209a3bcd.js?body=1" for ::1 at 2015-01-30 22:14:47 +0200


Started GET "/assets/application-fd30b062dffa1f37a416cebd713ed694.js?body=1" for ::1 at 2015-01-30 22:14:47 +0200


Started GET "/assets/rails-8f29b3579131c7fae6075f4524732463.png" for ::1 at 2015-01-30 22:14:47 +0200


Started GET "/signup" for ::1 at 2015-01-30 22:14:48 +0200
Processing by UsersController#new as HTML
  Rendered users/new.html.erb within layouts/application (0.4ms)
  Rendered layouts/_shim.html.erb (0.0ms)
  Rendered layouts/_header.html.erb (1.2ms)
  Rendered layouts/_footer.html.erb (0.2ms)
Completed 200 OK in 117ms (Views: 116.8ms | ActiveRecord: 0.0ms)
